\BOOKMARK [0][-]{chapter.1}{\376\377\000I\000n\000t\000r\000o\000d\000u\000c\000t\000i\000o\000n}{}% 1
\BOOKMARK [1][-]{section.1.1}{\376\377\000P\000r\000o\000j\000e\000c\000t\000\040\000O\000b\000j\000e\000c\000t\000i\000v\000e\000s}{chapter.1}% 2
\BOOKMARK [1][-]{section.1.2}{\376\377\000C\000o\000n\000t\000e\000x\000t}{chapter.1}% 3
\BOOKMARK [0][-]{chapter.2}{\376\377\000P\000r\000o\000j\000e\000c\000t\000\040\000d\000e\000s\000c\000r\000i\000p\000t\000i\000o\000n}{}% 4
\BOOKMARK [1][-]{section.2.1}{\376\377\000G\000e\000n\000e\000r\000a\000l\000\040\000O\000v\000e\000r\000v\000i\000e\000w}{chapter.2}% 5
\BOOKMARK [1][-]{section.2.2}{\376\377\000A\000r\000c\000h\000i\000t\000e\000c\000t\000u\000r\000e\000\040\000a\000n\000d\000\040\000C\000o\000m\000p\000o\000n\000e\000n\000t\000s}{chapter.2}% 6
\BOOKMARK [1][-]{section.2.3}{\376\377\000S\000y\000s\000t\000e\000m\000\040\000O\000p\000e\000r\000a\000t\000i\000o\000n}{chapter.2}% 7
\BOOKMARK [1][-]{section.2.4}{\376\377\000C\000o\000m\000m\000u\000n\000i\000c\000a\000t\000i\000o\000n\000\040\000a\000n\000d\000\040\000O\000u\000t\000p\000u\000t}{chapter.2}% 8
\BOOKMARK [0][-]{chapter.3}{\376\377\000I\000m\000p\000l\000e\000m\000e\000n\000t\000a\000t\000i\000o\000n}{}% 9
\BOOKMARK [1][-]{section.3.1}{\376\377\000O\000v\000e\000r\000v\000i\000e\000w}{chapter.3}% 10
\BOOKMARK [1][-]{section.3.2}{\376\377\000H\000a\000r\000d\000w\000a\000r\000e\000\040\000C\000i\000r\000c\000u\000i\000t}{chapter.3}% 11
\BOOKMARK [1][-]{section.3.3}{\376\377\000S\000o\000f\000t\000w\000a\000r\000e\000\040\000A\000r\000c\000h\000i\000t\000e\000c\000t\000u\000r\000e}{chapter.3}% 12
\BOOKMARK [2][-]{subsection.3.3.1}{\376\377\000F\000i\000n\000i\000t\000e\000\040\000S\000t\000a\000t\000e\000\040\000M\000a\000c\000h\000i\000n\000e\000\040\000\050\000F\000S\000M\000\051}{section.3.3}% 13
\BOOKMARK [2][-]{subsection.3.3.2}{\376\377\000A\000n\000a\000l\000o\000g\000\040\000S\000i\000g\000n\000a\000l\000\040\000A\000c\000q\000u\000i\000s\000i\000t\000i\000o\000n}{section.3.3}% 14
\BOOKMARK [2][-]{subsection.3.3.3}{\376\377\000D\000i\000g\000i\000t\000a\000l\000\040\000E\000v\000e\000n\000t\000\040\000H\000a\000n\000d\000l\000i\000n\000g}{section.3.3}% 15
\BOOKMARK [2][-]{subsection.3.3.4}{\376\377\000U\000A\000R\000T\000\040\000C\000o\000m\000m\000u\000n\000i\000c\000a\000t\000i\000o\000n}{section.3.3}% 16
\BOOKMARK [1][-]{section.3.4}{\376\377\000I\000m\000p\000l\000e\000m\000e\000n\000t\000a\000t\000i\000o\000n\000\040\000D\000e\000t\000a\000i\000l\000s}{chapter.3}% 17
\BOOKMARK [2][-]{subsection.3.4.1}{\376\377\000M\000o\000v\000i\000n\000g\000\040\000A\000v\000e\000r\000a\000g\000e\000\040\000a\000n\000d\000\040\000N\000o\000i\000s\000e\000\040\000F\000u\000n\000c\000t\000i\000o\000n\000s}{section.3.4}% 18
\BOOKMARK [2][-]{subsection.3.4.2}{\376\377\000F\000S\000M\000\040\000H\000a\000n\000d\000l\000i\000n\000g}{section.3.4}% 19
\BOOKMARK [1][-]{section.3.5}{\376\377\000D\000a\000t\000a\000\040\000V\000i\000s\000u\000a\000l\000i\000z\000a\000t\000i\000o\000n}{chapter.3}% 20
\BOOKMARK [0][-]{chapter.4}{\376\377\000P\000r\000o\000b\000l\000e\000m\000s\000\040\000a\000n\000d\000\040\000S\000o\000l\000u\000t\000i\000o\000n}{}% 21
\BOOKMARK [1][-]{section.4.1}{\376\377\000R\000e\000p\000l\000a\000c\000e\000m\000e\000n\000t\000\040\000o\000f\000\040\000t\000h\000e\000\040\000H\000a\000l\000l\000\040\000S\000e\000n\000s\000o\000r}{chapter.4}% 22
\BOOKMARK [1][-]{section.4.2}{\376\377\000C\000o\000n\000f\000i\000g\000u\000r\000a\000t\000i\000o\000n\000\040\000o\000f\000\040\000t\000h\000e\000\040\000U\000A\000R\000T\0002\000\040\000P\000e\000r\000i\000p\000h\000e\000r\000a\000l}{chapter.4}% 23
\BOOKMARK [1][-]{section.4.3}{\376\377\000I\000n\000t\000e\000r\000r\000u\000p\000t\000\040\000H\000a\000n\000d\000l\000i\000n\000g\000\040\000a\000n\000d\000\040\000M\000i\000s\000s\000i\000n\000g\000\040\000D\000i\000g\000i\000t\000a\000l\000\040\000P\000l\000o\000t}{chapter.4}% 24
\BOOKMARK [0][-]{chapter.5}{\376\377\000C\000o\000n\000c\000l\000u\000s\000i\000o\000n}{}% 25
