ARM GAS  C:\Users\micha\AppData\Local\Temp\ccMEJtLK.s 			page 1


   1              		.cpu cortex-m0plus
   2              		.arch armv6s-m
   3              		.fpu softvfp
   4              		.eabi_attribute 20, 1
   5              		.eabi_attribute 21, 1
   6              		.eabi_attribute 23, 3
   7              		.eabi_attribute 24, 1
   8              		.eabi_attribute 25, 1
   9              		.eabi_attribute 26, 1
  10              		.eabi_attribute 30, 1
  11              		.eabi_attribute 34, 0
  12              		.eabi_attribute 18, 4
  13              		.file	"main.c"
  14              		.text
  15              		.section	.text.__NVIC_SystemReset,"ax",%progbits
  16              		.align	1
  17              		.syntax unified
  18              		.code	16
  19              		.thumb_func
  21              	__NVIC_SystemReset:
  22              		@ Volatile: function does not return.
  23              		@ args = 0, pretend = 0, frame = 0
  24              		@ frame_needed = 0, uses_anonymous_args = 0
  25              		@ link register save eliminated.
  26              		.syntax divided
  27              	@ 271 "Drivers/CMSIS/Include/cmsis_gcc.h" 1
  28 0000 BFF34F8F 		dsb 0xF
  29              	@ 0 "" 2
  30              		.thumb
  31              		.syntax unified
  32 0004 034B     		ldr	r3, .L3
  33 0006 044A     		ldr	r2, .L3+4
  34 0008 DA60     		str	r2, [r3, #12]
  35              		.syntax divided
  36              	@ 271 "Drivers/CMSIS/Include/cmsis_gcc.h" 1
  37 000a BFF34F8F 		dsb 0xF
  38              	@ 0 "" 2
  39              		.thumb
  40              		.syntax unified
  41              	.L2:
  42              		.syntax divided
  43              	@ 997 "Drivers/CMSIS/Include/core_cm0plus.h" 1
  44 000e C046     		nop
  45              	@ 0 "" 2
  46              		.thumb
  47              		.syntax unified
  48 0010 FDE7     		b	.L2
  49              	.L4:
  50 0012 C046     		.align	2
  51              	.L3:
  52 0014 00ED00E0 		.word	-536810240
  53 0018 0400FA05 		.word	100270084
  55              		.section	.text.MX_GPIO_Init,"ax",%progbits
  56              		.align	1
  57              		.syntax unified
  58              		.code	16
  59              		.thumb_func
ARM GAS  C:\Users\micha\AppData\Local\Temp\ccMEJtLK.s 			page 2


  61              	MX_GPIO_Init:
  62              		@ args = 0, pretend = 0, frame = 32
  63              		@ frame_needed = 0, uses_anonymous_args = 0
  64 0000 10B5     		push	{r4, lr}
  65 0002 88B0     		sub	sp, sp, #32
  66 0004 03AC     		add	r4, sp, #12
  67 0006 1422     		movs	r2, #20
  68 0008 0021     		movs	r1, #0
  69 000a 2000     		movs	r0, r4
  70 000c FFF7FEFF 		bl	memset
  71 0010 114B     		ldr	r3, .L6
  72 0012 596B     		ldr	r1, [r3, #52]
  73 0014 0422     		movs	r2, #4
  74 0016 1143     		orrs	r1, r2
  75 0018 5963     		str	r1, [r3, #52]
  76 001a 596B     		ldr	r1, [r3, #52]
  77 001c 0A40     		ands	r2, r1
  78 001e 0092     		str	r2, [sp]
  79 0020 009A     		ldr	r2, [sp]
  80 0022 596B     		ldr	r1, [r3, #52]
  81 0024 2022     		movs	r2, #32
  82 0026 1143     		orrs	r1, r2
  83 0028 5963     		str	r1, [r3, #52]
  84 002a 596B     		ldr	r1, [r3, #52]
  85 002c 0A40     		ands	r2, r1
  86 002e 0192     		str	r2, [sp, #4]
  87 0030 019A     		ldr	r2, [sp, #4]
  88 0032 596B     		ldr	r1, [r3, #52]
  89 0034 0122     		movs	r2, #1
  90 0036 1143     		orrs	r1, r2
  91 0038 5963     		str	r1, [r3, #52]
  92 003a 5B6B     		ldr	r3, [r3, #52]
  93 003c 1340     		ands	r3, r2
  94 003e 0293     		str	r3, [sp, #8]
  95 0040 029B     		ldr	r3, [sp, #8]
  96 0042 0223     		movs	r3, #2
  97 0044 0393     		str	r3, [sp, #12]
  98 0046 0592     		str	r2, [sp, #20]
  99 0048 A020     		movs	r0, #160
 100 004a 2100     		movs	r1, r4
 101 004c C005     		lsls	r0, r0, #23
 102 004e FFF7FEFF 		bl	HAL_GPIO_Init
 103 0052 08B0     		add	sp, sp, #32
 104              		@ sp needed
 105 0054 10BD     		pop	{r4, pc}
 106              	.L7:
 107 0056 C046     		.align	2
 108              	.L6:
 109 0058 00100240 		.word	1073876992
 111              		.section	.text.MX_DMA_Init,"ax",%progbits
 112              		.align	1
 113              		.syntax unified
 114              		.code	16
 115              		.thumb_func
 117              	MX_DMA_Init:
 118              		@ args = 0, pretend = 0, frame = 8
 119              		@ frame_needed = 0, uses_anonymous_args = 0
ARM GAS  C:\Users\micha\AppData\Local\Temp\ccMEJtLK.s 			page 3


 120 0000 00B5     		push	{lr}
 121 0002 83B0     		sub	sp, sp, #12
 122 0004 094A     		ldr	r2, .L9
 123 0006 916B     		ldr	r1, [r2, #56]
 124 0008 0123     		movs	r3, #1
 125 000a 1943     		orrs	r1, r3
 126 000c 9163     		str	r1, [r2, #56]
 127 000e 926B     		ldr	r2, [r2, #56]
 128 0010 1340     		ands	r3, r2
 129 0012 0193     		str	r3, [sp, #4]
 130 0014 019B     		ldr	r3, [sp, #4]
 131 0016 0022     		movs	r2, #0
 132 0018 0021     		movs	r1, #0
 133 001a 0920     		movs	r0, #9
 134 001c FFF7FEFF 		bl	HAL_NVIC_SetPriority
 135 0020 0920     		movs	r0, #9
 136 0022 FFF7FEFF 		bl	HAL_NVIC_EnableIRQ
 137 0026 03B0     		add	sp, sp, #12
 138              		@ sp needed
 139 0028 00BD     		pop	{pc}
 140              	.L10:
 141 002a C046     		.align	2
 142              	.L9:
 143 002c 00100240 		.word	1073876992
 145              		.section	.text.computeMovingAverage,"ax",%progbits
 146              		.align	1
 147              		.global	computeMovingAverage
 148              		.syntax unified
 149              		.code	16
 150              		.thumb_func
 152              	computeMovingAverage:
 153              		@ args = 0, pretend = 0, frame = 8
 154              		@ frame_needed = 0, uses_anonymous_args = 0
 155 0000 F0B5     		push	{r4, r5, r6, r7, lr}
 156 0002 C646     		mov	lr, r8
 157 0004 00B5     		push	{lr}
 158 0006 82B0     		sub	sp, sp, #8
 159 0008 0190     		str	r0, [sp, #4]
 160 000a 134F     		ldr	r7, .L12
 161 000c 3888     		ldrh	r0, [r7]
 162 000e 134E     		ldr	r6, .L12+4
 163 0010 8200     		lsls	r2, r0, #2
 164 0012 9046     		mov	r8, r2
 165 0014 B258     		ldr	r2, [r6, r2]
 166 0016 0023     		movs	r3, #0
 167 0018 1149     		ldr	r1, .L12+8
 168 001a 0C68     		ldr	r4, [r1]
 169 001c 4D68     		ldr	r5, [r1, #4]
 170 001e A41A     		subs	r4, r4, r2
 171 0020 9D41     		sbcs	r5, r5, r3
 172 0022 0C60     		str	r4, [r1]
 173 0024 4D60     		str	r5, [r1, #4]
 174 0026 4246     		mov	r2, r8
 175 0028 019B     		ldr	r3, [sp, #4]
 176 002a 9351     		str	r3, [r2, r6]
 177 002c 019A     		ldr	r2, [sp, #4]
 178 002e 0023     		movs	r3, #0
ARM GAS  C:\Users\micha\AppData\Local\Temp\ccMEJtLK.s 			page 4


 179 0030 A418     		adds	r4, r4, r2
 180 0032 5D41     		adcs	r5, r5, r3
 181 0034 0C60     		str	r4, [r1]
 182 0036 4D60     		str	r5, [r1, #4]
 183 0038 0130     		adds	r0, r0, #1
 184 003a 9621     		movs	r1, #150
 185 003c FFF7FEFF 		bl	__aeabi_idivmod
 186 0040 3980     		strh	r1, [r7]
 187 0042 9622     		movs	r2, #150
 188 0044 0023     		movs	r3, #0
 189 0046 2000     		movs	r0, r4
 190 0048 2900     		movs	r1, r5
 191 004a FFF7FEFF 		bl	__aeabi_uldivmod
 192 004e 02B0     		add	sp, sp, #8
 193              		@ sp needed
 194 0050 80BC     		pop	{r7}
 195 0052 B846     		mov	r8, r7
 196 0054 F0BD     		pop	{r4, r5, r6, r7, pc}
 197              	.L13:
 198 0056 C046     		.align	2
 199              	.L12:
 200 0058 00000000 		.word	bufferIndex
 201 005c 00000000 		.word	adcBuffer
 202 0060 00000000 		.word	sum.2
 204              		.section	.text.addRandomNoise,"ax",%progbits
 205              		.align	1
 206              		.global	addRandomNoise
 207              		.syntax unified
 208              		.code	16
 209              		.thumb_func
 211              	addRandomNoise:
 212              		@ args = 0, pretend = 0, frame = 0
 213              		@ frame_needed = 0, uses_anonymous_args = 0
 214 0000 10B5     		push	{r4, lr}
 215 0002 0400     		movs	r4, r0
 216 0004 FFF7FEFF 		bl	rand
 217 0008 2821     		movs	r1, #40
 218 000a FFF7FEFF 		bl	__aeabi_idivmod
 219 000e FA31     		adds	r1, r1, #250
 220 0010 6018     		adds	r0, r4, r1
 221 0012 05D4     		bmi	.L16
 222 0014 8023     		movs	r3, #128
 223 0016 5B01     		lsls	r3, r3, #5
 224 0018 9842     		cmp	r0, r3
 225 001a 02DB     		blt	.L15
 226 001c 0148     		ldr	r0, .L18
 227 001e 00E0     		b	.L15
 228              	.L16:
 229 0020 0020     		movs	r0, #0
 230              	.L15:
 231              		@ sp needed
 232 0022 10BD     		pop	{r4, pc}
 233              	.L19:
 234              		.align	2
 235              	.L18:
 236 0024 FF0F0000 		.word	4095
 238              		.section	.text.HAL_GPIO_EXTI_Callback,"ax",%progbits
ARM GAS  C:\Users\micha\AppData\Local\Temp\ccMEJtLK.s 			page 5


 239              		.align	1
 240              		.global	HAL_GPIO_EXTI_Callback
 241              		.syntax unified
 242              		.code	16
 243              		.thumb_func
 245              	HAL_GPIO_EXTI_Callback:
 246              		@ args = 0, pretend = 0, frame = 0
 247              		@ frame_needed = 0, uses_anonymous_args = 0
 248              		@ link register save eliminated.
 249 0000 0228     		cmp	r0, #2
 250 0002 00D0     		beq	.L22
 251              	.L20:
 252              		@ sp needed
 253 0004 7047     		bx	lr
 254              	.L22:
 255 0006 024B     		ldr	r3, .L23
 256 0008 0122     		movs	r2, #1
 257 000a 1A70     		strb	r2, [r3]
 258 000c FAE7     		b	.L20
 259              	.L24:
 260 000e C046     		.align	2
 261              	.L23:
 262 0010 00000000 		.word	buttonPressed
 264              		.section	.text.Error_Handler,"ax",%progbits
 265              		.align	1
 266              		.global	Error_Handler
 267              		.syntax unified
 268              		.code	16
 269              		.thumb_func
 271              	Error_Handler:
 272              		@ Volatile: function does not return.
 273              		@ args = 0, pretend = 0, frame = 0
 274              		@ frame_needed = 0, uses_anonymous_args = 0
 275              		@ link register save eliminated.
 276              		.syntax divided
 277              	@ 962 "Drivers/CMSIS/Include/cmsis_gcc.h" 1
 278 0000 72B6     		cpsid i
 279              	@ 0 "" 2
 280              		.thumb
 281              		.syntax unified
 282              	.L26:
 283 0002 FEE7     		b	.L26
 285              		.section	.text.MX_ADC1_Init,"ax",%progbits
 286              		.align	1
 287              		.syntax unified
 288              		.code	16
 289              		.thumb_func
 291              	MX_ADC1_Init:
 292              		@ args = 0, pretend = 0, frame = 16
 293              		@ frame_needed = 0, uses_anonymous_args = 0
 294 0000 00B5     		push	{lr}
 295 0002 85B0     		sub	sp, sp, #20
 296 0004 0C22     		movs	r2, #12
 297 0006 0021     		movs	r1, #0
 298 0008 01A8     		add	r0, sp, #4
 299 000a FFF7FEFF 		bl	memset
 300 000e 1948     		ldr	r0, .L32
ARM GAS  C:\Users\micha\AppData\Local\Temp\ccMEJtLK.s 			page 6


 301 0010 194B     		ldr	r3, .L32+4
 302 0012 0360     		str	r3, [r0]
 303 0014 8023     		movs	r3, #128
 304 0016 DB05     		lsls	r3, r3, #23
 305 0018 4360     		str	r3, [r0, #4]
 306 001a 0023     		movs	r3, #0
 307 001c 8360     		str	r3, [r0, #8]
 308 001e C360     		str	r3, [r0, #12]
 309 0020 8022     		movs	r2, #128
 310 0022 1206     		lsls	r2, r2, #24
 311 0024 0261     		str	r2, [r0, #16]
 312 0026 0422     		movs	r2, #4
 313 0028 4261     		str	r2, [r0, #20]
 314 002a 0376     		strb	r3, [r0, #24]
 315 002c 4376     		strb	r3, [r0, #25]
 316 002e 8376     		strb	r3, [r0, #26]
 317 0030 033A     		subs	r2, r2, #3
 318 0032 C261     		str	r2, [r0, #28]
 319 0034 1F32     		adds	r2, r2, #31
 320 0036 8354     		strb	r3, [r0, r2]
 321 0038 4362     		str	r3, [r0, #36]
 322 003a 8362     		str	r3, [r0, #40]
 323 003c 0C32     		adds	r2, r2, #12
 324 003e 8354     		strb	r3, [r0, r2]
 325 0040 0363     		str	r3, [r0, #48]
 326 0042 4363     		str	r3, [r0, #52]
 327 0044 1032     		adds	r2, r2, #16
 328 0046 8354     		strb	r3, [r0, r2]
 329 0048 C364     		str	r3, [r0, #76]
 330 004a FFF7FEFF 		bl	HAL_ADC_Init
 331 004e 0028     		cmp	r0, #0
 332 0050 0BD1     		bne	.L30
 333 0052 01A9     		add	r1, sp, #4
 334 0054 094B     		ldr	r3, .L32+8
 335 0056 0193     		str	r3, [sp, #4]
 336 0058 0123     		movs	r3, #1
 337 005a 4B60     		str	r3, [r1, #4]
 338 005c 0548     		ldr	r0, .L32
 339 005e FFF7FEFF 		bl	HAL_ADC_ConfigChannel
 340 0062 0028     		cmp	r0, #0
 341 0064 03D1     		bne	.L31
 342 0066 05B0     		add	sp, sp, #20
 343              		@ sp needed
 344 0068 00BD     		pop	{pc}
 345              	.L30:
 346 006a FFF7FEFF 		bl	Error_Handler
 347              	.L31:
 348 006e FFF7FEFF 		bl	Error_Handler
 349              	.L33:
 350 0072 C046     		.align	2
 351              	.L32:
 352 0074 00000000 		.word	hadc1
 353 0078 00240140 		.word	1073816576
 354 007c 10000010 		.word	268435472
 356              		.section	.text.MX_USART2_UART_Init,"ax",%progbits
 357              		.align	1
 358              		.syntax unified
ARM GAS  C:\Users\micha\AppData\Local\Temp\ccMEJtLK.s 			page 7


 359              		.code	16
 360              		.thumb_func
 362              	MX_USART2_UART_Init:
 363              		@ args = 0, pretend = 0, frame = 0
 364              		@ frame_needed = 0, uses_anonymous_args = 0
 365 0000 10B5     		push	{r4, lr}
 366 0002 0C48     		ldr	r0, .L37
 367 0004 0C4B     		ldr	r3, .L37+4
 368 0006 0360     		str	r3, [r0]
 369 0008 E123     		movs	r3, #225
 370 000a 5B02     		lsls	r3, r3, #9
 371 000c 4360     		str	r3, [r0, #4]
 372 000e 0023     		movs	r3, #0
 373 0010 8360     		str	r3, [r0, #8]
 374 0012 C360     		str	r3, [r0, #12]
 375 0014 0361     		str	r3, [r0, #16]
 376 0016 0C22     		movs	r2, #12
 377 0018 4261     		str	r2, [r0, #20]
 378 001a 8361     		str	r3, [r0, #24]
 379 001c C361     		str	r3, [r0, #28]
 380 001e 0362     		str	r3, [r0, #32]
 381 0020 4362     		str	r3, [r0, #36]
 382 0022 8362     		str	r3, [r0, #40]
 383 0024 FFF7FEFF 		bl	HAL_UART_Init
 384 0028 0028     		cmp	r0, #0
 385 002a 00D1     		bne	.L36
 386              		@ sp needed
 387 002c 10BD     		pop	{r4, pc}
 388              	.L36:
 389 002e FFF7FEFF 		bl	Error_Handler
 390              	.L38:
 391 0032 C046     		.align	2
 392              	.L37:
 393 0034 00000000 		.word	huart2
 394 0038 00440040 		.word	1073759232
 396              		.section	.text.SystemClock_Config,"ax",%progbits
 397              		.align	1
 398              		.global	SystemClock_Config
 399              		.syntax unified
 400              		.code	16
 401              		.thumb_func
 403              	SystemClock_Config:
 404              		@ args = 0, pretend = 0, frame = 48
 405              		@ frame_needed = 0, uses_anonymous_args = 0
 406 0000 10B5     		push	{r4, lr}
 407 0002 8CB0     		sub	sp, sp, #48
 408 0004 05AC     		add	r4, sp, #20
 409 0006 1C22     		movs	r2, #28
 410 0008 0021     		movs	r1, #0
 411 000a 2000     		movs	r0, r4
 412 000c FFF7FEFF 		bl	memset
 413 0010 1422     		movs	r2, #20
 414 0012 0021     		movs	r1, #0
 415 0014 6846     		mov	r0, sp
 416 0016 FFF7FEFF 		bl	memset
 417 001a 1249     		ldr	r1, .L44
 418 001c 0B68     		ldr	r3, [r1]
ARM GAS  C:\Users\micha\AppData\Local\Temp\ccMEJtLK.s 			page 8


 419 001e 0722     		movs	r2, #7
 420 0020 9343     		bics	r3, r2
 421 0022 063A     		subs	r2, r2, #6
 422 0024 1343     		orrs	r3, r2
 423 0026 0B60     		str	r3, [r1]
 424 0028 0592     		str	r2, [sp, #20]
 425 002a 8023     		movs	r3, #128
 426 002c 5B02     		lsls	r3, r3, #9
 427 002e 0693     		str	r3, [sp, #24]
 428 0030 2000     		movs	r0, r4
 429 0032 FFF7FEFF 		bl	HAL_RCC_OscConfig
 430 0036 0028     		cmp	r0, #0
 431 0038 0FD1     		bne	.L42
 432 003a 6846     		mov	r0, sp
 433 003c 0723     		movs	r3, #7
 434 003e 0093     		str	r3, [sp]
 435 0040 063B     		subs	r3, r3, #6
 436 0042 0193     		str	r3, [sp, #4]
 437 0044 0023     		movs	r3, #0
 438 0046 0293     		str	r3, [sp, #8]
 439 0048 0393     		str	r3, [sp, #12]
 440 004a 0493     		str	r3, [sp, #16]
 441 004c 0121     		movs	r1, #1
 442 004e FFF7FEFF 		bl	HAL_RCC_ClockConfig
 443 0052 0028     		cmp	r0, #0
 444 0054 03D1     		bne	.L43
 445 0056 0CB0     		add	sp, sp, #48
 446              		@ sp needed
 447 0058 10BD     		pop	{r4, pc}
 448              	.L42:
 449 005a FFF7FEFF 		bl	Error_Handler
 450              	.L43:
 451 005e FFF7FEFF 		bl	Error_Handler
 452              	.L45:
 453 0062 C046     		.align	2
 454              	.L44:
 455 0064 00200240 		.word	1073881088
 457              		.section	.rodata.main.str1.4,"aMS",%progbits,1
 458              		.align	2
 459              	.LC7:
 460 0000 42757474 		.ascii	"Button pressed!\015\012\000"
 460      6F6E2070 
 460      72657373 
 460      6564210D 
 460      0A00
 461 0012 0000     		.align	2
 462              	.LC15:
 463 0014 4D6F6465 		.ascii	"Mode=RAW | ADC=%lu -> %lu mV\015\012\000"
 463      3D524157 
 463      207C2041 
 463      44433D25 
 463      6C75202D 
 464 0033 00       		.align	2
 465              	.LC17:
 466 0034 4D6F6465 		.ascii	"Mode=MA | ADC=%lu -> %lu mV\015\012\000"
 466      3D4D4120 
 466      7C204144 
ARM GAS  C:\Users\micha\AppData\Local\Temp\ccMEJtLK.s 			page 9


 466      433D256C 
 466      75202D3E 
 467 0052 0000     		.align	2
 468              	.LC19:
 469 0054 4D6F6465 		.ascii	"Mode=NOISE | ADC=%lu -> %lu mV\015\012\000"
 469      3D4E4F49 
 469      5345207C 
 469      20414443 
 469      3D256C75 
 470 0075 000000   		.align	2
 471              	.LC22:
 472 0078 5741524E 		.ascii	"WARNING\015\012\000"
 472      494E470D 
 472      0A00
 473 0082 0000     		.align	2
 474              	.LC24:
 475 0084 4552524F 		.ascii	"ERROR\015\012\000"
 475      520D0A00 
 476              		.section	.text.main,"ax",%progbits
 477              		.align	1
 478              		.global	main
 479              		.syntax unified
 480              		.code	16
 481              		.thumb_func
 483              	main:
 484              		@ args = 0, pretend = 0, frame = 104
 485              		@ frame_needed = 0, uses_anonymous_args = 0
 486 0000 F0B5     		push	{r4, r5, r6, r7, lr}
 487 0002 DE46     		mov	lr, fp
 488 0004 5746     		mov	r7, r10
 489 0006 4E46     		mov	r6, r9
 490 0008 4546     		mov	r5, r8
 491 000a E0B5     		push	{r5, r6, r7, lr}
 492 000c 9BB0     		sub	sp, sp, #108
 493 000e FFF7FEFF 		bl	HAL_Init
 494 0012 FFF7FEFF 		bl	SystemClock_Config
 495 0016 FFF7FEFF 		bl	MX_GPIO_Init
 496 001a FFF7FEFF 		bl	MX_DMA_Init
 497 001e FFF7FEFF 		bl	MX_ADC1_Init
 498 0022 FFF7FEFF 		bl	MX_USART2_UART_Init
 499 0026 0020     		movs	r0, #0
 500 0028 FFF7FEFF 		bl	BSP_LED_Init
 501 002c 0020     		movs	r0, #0
 502 002e FFF7FEFF 		bl	BSP_LED_Init
 503 0032 0121     		movs	r1, #1
 504 0034 0020     		movs	r0, #0
 505 0036 FFF7FEFF 		bl	BSP_PB_Init
 506 003a 35E0     		b	.L48
 507              	.L69:
 508 003c 01AC     		add	r4, sp, #4
 509 003e 7F4B     		ldr	r3, .L71
 510 0040 2200     		movs	r2, r4
 511 0042 23CB     		ldmia	r3!, {r0, r1, r5}
 512 0044 23C2     		stmia	r2!, {r0, r1, r5}
 513 0046 1968     		ldr	r1, [r3]
 514 0048 1160     		str	r1, [r2]
 515 004a 9B88     		ldrh	r3, [r3, #4]
ARM GAS  C:\Users\micha\AppData\Local\Temp\ccMEJtLK.s 			page 10


 516 004c 9380     		strh	r3, [r2, #4]
 517 004e 2000     		movs	r0, r4
 518 0050 FFF7FEFF 		bl	strlen
 519 0054 0123     		movs	r3, #1
 520 0056 82B2     		uxth	r2, r0
 521 0058 7948     		ldr	r0, .L71+4
 522 005a 5B42     		rsbs	r3, r3, #0
 523 005c 2100     		movs	r1, r4
 524 005e FFF7FEFF 		bl	HAL_UART_Transmit
 525 0062 784B     		ldr	r3, .L71+8
 526 0064 0022     		movs	r2, #0
 527 0066 1A70     		strb	r2, [r3]
 528 0068 22E0     		b	.L49
 529              	.L70:
 530 006a 0028     		cmp	r0, #0
 531 006c 29D1     		bne	.L50
 532 006e 764B     		ldr	r3, .L71+12
 533 0070 1B78     		ldrb	r3, [r3]
 534 0072 052B     		cmp	r3, #5
 535 0074 25D8     		bhi	.L50
 536 0076 9B00     		lsls	r3, r3, #2
 537 0078 744A     		ldr	r2, .L71+16
 538 007a D358     		ldr	r3, [r2, r3]
 539 007c 9F46     		mov	pc, r3
 540              		.section	.rodata.main,"a",%progbits
 541              		.align	2
 542              	.L52:
 543 0000 C2000000 		.word	.L50
 544 0004 7E000000 		.word	.L56
 545 0008 86000000 		.word	.L55
 546 000c 8E000000 		.word	.L54
 547 0010 96000000 		.word	.L53
 548 0014 9E000000 		.word	.L51
 549              		.section	.text.main
 550              	.L56:
 551 007e 724B     		ldr	r3, .L71+12
 552 0080 0222     		movs	r2, #2
 553 0082 1A70     		strb	r2, [r3]
 554 0084 1DE0     		b	.L50
 555              	.L55:
 556 0086 704B     		ldr	r3, .L71+12
 557 0088 0322     		movs	r2, #3
 558 008a 1A70     		strb	r2, [r3]
 559 008c 19E0     		b	.L50
 560              	.L54:
 561 008e 6E4B     		ldr	r3, .L71+12
 562 0090 0222     		movs	r2, #2
 563 0092 1A70     		strb	r2, [r3]
 564 0094 15E0     		b	.L50
 565              	.L53:
 566 0096 6C4B     		ldr	r3, .L71+12
 567 0098 0122     		movs	r2, #1
 568 009a 1A70     		strb	r2, [r3]
 569 009c 11E0     		b	.L50
 570              	.L51:
 571 009e FFF7FEFF 		bl	__NVIC_SystemReset
 572              	.L63:
ARM GAS  C:\Users\micha\AppData\Local\Temp\ccMEJtLK.s 			page 11


 573 00a2 694B     		ldr	r3, .L71+12
 574 00a4 0122     		movs	r2, #1
 575 00a6 1A70     		strb	r2, [r3]
 576              	.L48:
 577 00a8 664B     		ldr	r3, .L71+8
 578 00aa 1B78     		ldrb	r3, [r3]
 579 00ac 002B     		cmp	r3, #0
 580 00ae C5D1     		bne	.L69
 581              	.L49:
 582 00b0 8021     		movs	r1, #128
 583 00b2 8901     		lsls	r1, r1, #6
 584 00b4 6648     		ldr	r0, .L71+20
 585 00b6 FFF7FEFF 		bl	HAL_GPIO_ReadPin
 586 00ba 664B     		ldr	r3, .L71+24
 587 00bc 1B78     		ldrb	r3, [r3]
 588 00be 012B     		cmp	r3, #1
 589 00c0 D3D0     		beq	.L70
 590              	.L50:
 591 00c2 644B     		ldr	r3, .L71+24
 592 00c4 1870     		strb	r0, [r3]
 593 00c6 604B     		ldr	r3, .L71+12
 594 00c8 1A78     		ldrb	r2, [r3]
 595 00ca 052A     		cmp	r2, #5
 596 00cc ECD8     		bhi	.L48
 597 00ce 9300     		lsls	r3, r2, #2
 598 00d0 614A     		ldr	r2, .L71+28
 599 00d2 D358     		ldr	r3, [r2, r3]
 600 00d4 9F46     		mov	pc, r3
 601              		.section	.rodata.main
 602              		.align	2
 603              	.L58:
 604 0018 A2000000 		.word	.L63
 605 001c D6000000 		.word	.L62
 606 0020 E4000000 		.word	.L61
 607 0024 F4010000 		.word	.L60
 608 0028 04020000 		.word	.L59
 609 002c 20020000 		.word	.L57
 610              		.section	.text.main
 611              	.L62:
 612 00d6 0020     		movs	r0, #0
 613 00d8 FFF7FEFF 		bl	BSP_LED_Off
 614 00dc 6420     		movs	r0, #100
 615 00de FFF7FEFF 		bl	HAL_Delay
 616 00e2 E1E7     		b	.L48
 617              	.L61:
 618 00e4 0020     		movs	r0, #0
 619 00e6 FFF7FEFF 		bl	BSP_LED_On
 620 00ea 5C4C     		ldr	r4, .L71+32
 621 00ec 2000     		movs	r0, r4
 622 00ee FFF7FEFF 		bl	HAL_ADC_Start
 623 00f2 0127     		movs	r7, #1
 624 00f4 7F42     		rsbs	r7, r7, #0
 625 00f6 3900     		movs	r1, r7
 626 00f8 2000     		movs	r0, r4
 627 00fa FFF7FEFF 		bl	HAL_ADC_PollForConversion
 628 00fe 2000     		movs	r0, r4
 629 0100 FFF7FEFF 		bl	HAL_ADC_GetValue
ARM GAS  C:\Users\micha\AppData\Local\Temp\ccMEJtLK.s 			page 12


 630 0104 0500     		movs	r5, r0
 631 0106 2000     		movs	r0, r4
 632 0108 FFF7FEFF 		bl	HAL_ADC_Stop
 633 010c 2800     		movs	r0, r5
 634 010e FFF7FEFF 		bl	computeMovingAverage
 635 0112 8146     		mov	r9, r0
 636 0114 2800     		movs	r0, r5
 637 0116 FFF7FEFF 		bl	addRandomNoise
 638 011a 8046     		mov	r8, r0
 639 011c 504C     		ldr	r4, .L71+36
 640 011e 2000     		movs	r0, r4
 641 0120 6843     		muls	r0, r5
 642 0122 5049     		ldr	r1, .L71+40
 643 0124 FFF7FEFF 		bl	__aeabi_uidiv
 644 0128 0600     		movs	r6, r0
 645 012a 4846     		mov	r0, r9
 646 012c 6043     		muls	r0, r4
 647 012e 4D49     		ldr	r1, .L71+40
 648 0130 FFF7FEFF 		bl	__aeabi_uidiv
 649 0134 8346     		mov	fp, r0
 650 0136 4046     		mov	r0, r8
 651 0138 6043     		muls	r0, r4
 652 013a 4A49     		ldr	r1, .L71+40
 653 013c FFF7FEFF 		bl	__aeabi_uidiv
 654 0140 8246     		mov	r10, r0
 655 0142 4949     		ldr	r1, .L71+44
 656 0144 01AC     		add	r4, sp, #4
 657 0146 3300     		movs	r3, r6
 658 0148 2A00     		movs	r2, r5
 659 014a 2000     		movs	r0, r4
 660 014c FFF7FEFF 		bl	sprintf
 661 0150 2000     		movs	r0, r4
 662 0152 FFF7FEFF 		bl	strlen
 663 0156 82B2     		uxth	r2, r0
 664 0158 394E     		ldr	r6, .L71+4
 665 015a 3B00     		movs	r3, r7
 666 015c 2100     		movs	r1, r4
 667 015e 3000     		movs	r0, r6
 668 0160 FFF7FEFF 		bl	HAL_UART_Transmit
 669 0164 4149     		ldr	r1, .L71+48
 670 0166 5B46     		mov	r3, fp
 671 0168 4A46     		mov	r2, r9
 672 016a 2000     		movs	r0, r4
 673 016c FFF7FEFF 		bl	sprintf
 674 0170 2000     		movs	r0, r4
 675 0172 FFF7FEFF 		bl	strlen
 676 0176 82B2     		uxth	r2, r0
 677 0178 3B00     		movs	r3, r7
 678 017a 2100     		movs	r1, r4
 679 017c 3000     		movs	r0, r6
 680 017e FFF7FEFF 		bl	HAL_UART_Transmit
 681 0182 3B49     		ldr	r1, .L71+52
 682 0184 5346     		mov	r3, r10
 683 0186 4246     		mov	r2, r8
 684 0188 2000     		movs	r0, r4
 685 018a FFF7FEFF 		bl	sprintf
 686 018e 2000     		movs	r0, r4
ARM GAS  C:\Users\micha\AppData\Local\Temp\ccMEJtLK.s 			page 13


 687 0190 FFF7FEFF 		bl	strlen
 688 0194 82B2     		uxth	r2, r0
 689 0196 3B00     		movs	r3, r7
 690 0198 2100     		movs	r1, r4
 691 019a 3000     		movs	r0, r6
 692 019c FFF7FEFF 		bl	HAL_UART_Transmit
 693 01a0 344B     		ldr	r3, .L71+56
 694 01a2 9D42     		cmp	r5, r3
 695 01a4 06D9     		bls	.L65
 696 01a6 284B     		ldr	r3, .L71+12
 697 01a8 0522     		movs	r2, #5
 698 01aa 1A70     		strb	r2, [r3]
 699              	.L66:
 700 01ac 6420     		movs	r0, #100
 701 01ae FFF7FEFF 		bl	HAL_Delay
 702 01b2 79E7     		b	.L48
 703              	.L65:
 704 01b4 FA23     		movs	r3, #250
 705 01b6 DB00     		lsls	r3, r3, #3
 706 01b8 9D42     		cmp	r5, r3
 707 01ba 17D9     		bls	.L67
 708 01bc 2E4B     		ldr	r3, .L71+60
 709 01be 1B68     		ldr	r3, [r3]
 710 01c0 002B     		cmp	r3, #0
 711 01c2 04D1     		bne	.L68
 712 01c4 FFF7FEFF 		bl	HAL_GetTick
 713 01c8 2B4B     		ldr	r3, .L71+60
 714 01ca 1860     		str	r0, [r3]
 715 01cc EEE7     		b	.L66
 716              	.L68:
 717 01ce FFF7FEFF 		bl	HAL_GetTick
 718 01d2 294B     		ldr	r3, .L71+60
 719 01d4 1B68     		ldr	r3, [r3]
 720 01d6 C01A     		subs	r0, r0, r3
 721 01d8 284B     		ldr	r3, .L71+64
 722 01da 9842     		cmp	r0, r3
 723 01dc E6D9     		bls	.L66
 724 01de 1A4B     		ldr	r3, .L71+12
 725 01e0 0422     		movs	r2, #4
 726 01e2 1A70     		strb	r2, [r3]
 727 01e4 244B     		ldr	r3, .L71+60
 728 01e6 0022     		movs	r2, #0
 729 01e8 1A60     		str	r2, [r3]
 730 01ea DFE7     		b	.L66
 731              	.L67:
 732 01ec 224B     		ldr	r3, .L71+60
 733 01ee 0022     		movs	r2, #0
 734 01f0 1A60     		str	r2, [r3]
 735 01f2 DBE7     		b	.L66
 736              	.L60:
 737 01f4 0020     		movs	r0, #0
 738 01f6 FFF7FEFF 		bl	BSP_LED_Toggle
 739 01fa FA20     		movs	r0, #250
 740 01fc 4000     		lsls	r0, r0, #1
 741 01fe FFF7FEFF 		bl	HAL_Delay
 742 0202 51E7     		b	.L48
 743              	.L59:
ARM GAS  C:\Users\micha\AppData\Local\Temp\ccMEJtLK.s 			page 14


 744 0204 0020     		movs	r0, #0
 745 0206 FFF7FEFF 		bl	BSP_LED_Off
 746 020a 0123     		movs	r3, #1
 747 020c 1C49     		ldr	r1, .L71+68
 748 020e 0C48     		ldr	r0, .L71+4
 749 0210 5B42     		rsbs	r3, r3, #0
 750 0212 0922     		movs	r2, #9
 751 0214 FFF7FEFF 		bl	HAL_UART_Transmit
 752 0218 C820     		movs	r0, #200
 753 021a FFF7FEFF 		bl	HAL_Delay
 754 021e 43E7     		b	.L48
 755              	.L57:
 756 0220 0020     		movs	r0, #0
 757 0222 FFF7FEFF 		bl	BSP_LED_Toggle
 758 0226 0123     		movs	r3, #1
 759 0228 1649     		ldr	r1, .L71+72
 760 022a 0548     		ldr	r0, .L71+4
 761 022c 5B42     		rsbs	r3, r3, #0
 762 022e 0722     		movs	r2, #7
 763 0230 FFF7FEFF 		bl	HAL_UART_Transmit
 764 0234 C820     		movs	r0, #200
 765 0236 FFF7FEFF 		bl	HAL_Delay
 766 023a 35E7     		b	.L48
 767              	.L72:
 768              		.align	2
 769              	.L71:
 770 023c 00000000 		.word	.LC7
 771 0240 00000000 		.word	huart2
 772 0244 00000000 		.word	buttonPressed
 773 0248 00000000 		.word	currentState
 774 024c 00000000 		.word	.L52
 775 0250 00080050 		.word	1342179328
 776 0254 00000000 		.word	buttonPrevState.1
 777 0258 18000000 		.word	.L58
 778 025c 00000000 		.word	hadc1
 779 0260 E40C0000 		.word	3300
 780 0264 FF0F0000 		.word	4095
 781 0268 14000000 		.word	.LC15
 782 026c 34000000 		.word	.LC17
 783 0270 54000000 		.word	.LC19
 784 0274 B80B0000 		.word	3000
 785 0278 00000000 		.word	highStart.0
 786 027c 87130000 		.word	4999
 787 0280 78000000 		.word	.LC22
 788 0284 84000000 		.word	.LC24
 790              		.section	.bss.highStart.0,"aw",%nobits
 791              		.align	2
 794              	highStart.0:
 795 0000 00000000 		.space	4
 796              		.section	.data.buttonPrevState.1,"aw"
 799              	buttonPrevState.1:
 800 0000 01       		.byte	1
 801              		.section	.bss.sum.2,"aw",%nobits
 802              		.align	3
 805              	sum.2:
 806 0000 00000000 		.space	8
 806      00000000 
ARM GAS  C:\Users\micha\AppData\Local\Temp\ccMEJtLK.s 			page 15


 807              		.global	currentState
 808              		.section	.bss.currentState,"aw",%nobits
 811              	currentState:
 812 0000 00       		.space	1
 813              		.global	currentMode
 814              		.section	.bss.currentMode,"aw",%nobits
 817              	currentMode:
 818 0000 00       		.space	1
 819              		.global	buttonPressed
 820              		.section	.bss.buttonPressed,"aw",%nobits
 823              	buttonPressed:
 824 0000 00       		.space	1
 825              		.global	buttonPrevState
 826              		.section	.data.buttonPrevState,"aw"
 829              	buttonPrevState:
 830 0000 01       		.byte	1
 831              		.global	bufferIndex
 832              		.section	.bss.bufferIndex,"aw",%nobits
 833              		.align	1
 836              	bufferIndex:
 837 0000 0000     		.space	2
 838              		.global	adcBuffer
 839              		.section	.bss.adcBuffer,"aw",%nobits
 840              		.align	2
 843              	adcBuffer:
 844 0000 00000000 		.space	600
 844      00000000 
 844      00000000 
 844      00000000 
 844      00000000 
 845              		.global	huart2
 846              		.section	.bss.huart2,"aw",%nobits
 847              		.align	2
 850              	huart2:
 851 0000 00000000 		.space	148
 851      00000000 
 851      00000000 
 851      00000000 
 851      00000000 
 852              		.global	hdma_adc1
 853              		.section	.bss.hdma_adc1,"aw",%nobits
 854              		.align	2
 857              	hdma_adc1:
 858 0000 00000000 		.space	92
 858      00000000 
 858      00000000 
 858      00000000 
 858      00000000 
 859              		.global	hadc1
 860              		.section	.bss.hadc1,"aw",%nobits
 861              		.align	2
 864              	hadc1:
 865 0000 00000000 		.space	100
 865      00000000 
 865      00000000 
 865      00000000 
 865      00000000 
ARM GAS  C:\Users\micha\AppData\Local\Temp\ccMEJtLK.s 			page 16


 866              		.global	__aeabi_uidiv
 867              		.global	__aeabi_uldivmod
 868              		.global	__aeabi_idivmod
 869              		.ident	"GCC: (xPack GNU Arm Embedded GCC x86_64) 14.2.1 20241119"
ARM GAS  C:\Users\micha\AppData\Local\Temp\ccMEJtLK.s 			page 17


DEFINED SYMBOLS
                            *ABS*:00000000 main.c
C:\Users\micha\AppData\Local\Temp\ccMEJtLK.s:16     .text.__NVIC_SystemReset:00000000 $t
C:\Users\micha\AppData\Local\Temp\ccMEJtLK.s:21     .text.__NVIC_SystemReset:00000000 __NVIC_SystemReset
C:\Users\micha\AppData\Local\Temp\ccMEJtLK.s:52     .text.__NVIC_SystemReset:00000014 $d
C:\Users\micha\AppData\Local\Temp\ccMEJtLK.s:56     .text.MX_GPIO_Init:00000000 $t
C:\Users\micha\AppData\Local\Temp\ccMEJtLK.s:61     .text.MX_GPIO_Init:00000000 MX_GPIO_Init
C:\Users\micha\AppData\Local\Temp\ccMEJtLK.s:109    .text.MX_GPIO_Init:00000058 $d
C:\Users\micha\AppData\Local\Temp\ccMEJtLK.s:112    .text.MX_DMA_Init:00000000 $t
C:\Users\micha\AppData\Local\Temp\ccMEJtLK.s:117    .text.MX_DMA_Init:00000000 MX_DMA_Init
C:\Users\micha\AppData\Local\Temp\ccMEJtLK.s:143    .text.MX_DMA_Init:0000002c $d
C:\Users\micha\AppData\Local\Temp\ccMEJtLK.s:146    .text.computeMovingAverage:00000000 $t
C:\Users\micha\AppData\Local\Temp\ccMEJtLK.s:152    .text.computeMovingAverage:00000000 computeMovingAverage
C:\Users\micha\AppData\Local\Temp\ccMEJtLK.s:200    .text.computeMovingAverage:00000058 $d
C:\Users\micha\AppData\Local\Temp\ccMEJtLK.s:836    .bss.bufferIndex:00000000 bufferIndex
C:\Users\micha\AppData\Local\Temp\ccMEJtLK.s:843    .bss.adcBuffer:00000000 adcBuffer
C:\Users\micha\AppData\Local\Temp\ccMEJtLK.s:805    .bss.sum.2:00000000 sum.2
C:\Users\micha\AppData\Local\Temp\ccMEJtLK.s:205    .text.addRandomNoise:00000000 $t
C:\Users\micha\AppData\Local\Temp\ccMEJtLK.s:211    .text.addRandomNoise:00000000 addRandomNoise
C:\Users\micha\AppData\Local\Temp\ccMEJtLK.s:236    .text.addRandomNoise:00000024 $d
C:\Users\micha\AppData\Local\Temp\ccMEJtLK.s:239    .text.HAL_GPIO_EXTI_Callback:00000000 $t
C:\Users\micha\AppData\Local\Temp\ccMEJtLK.s:245    .text.HAL_GPIO_EXTI_Callback:00000000 HAL_GPIO_EXTI_Callback
C:\Users\micha\AppData\Local\Temp\ccMEJtLK.s:262    .text.HAL_GPIO_EXTI_Callback:00000010 $d
C:\Users\micha\AppData\Local\Temp\ccMEJtLK.s:823    .bss.buttonPressed:00000000 buttonPressed
C:\Users\micha\AppData\Local\Temp\ccMEJtLK.s:265    .text.Error_Handler:00000000 $t
C:\Users\micha\AppData\Local\Temp\ccMEJtLK.s:271    .text.Error_Handler:00000000 Error_Handler
C:\Users\micha\AppData\Local\Temp\ccMEJtLK.s:286    .text.MX_ADC1_Init:00000000 $t
C:\Users\micha\AppData\Local\Temp\ccMEJtLK.s:291    .text.MX_ADC1_Init:00000000 MX_ADC1_Init
C:\Users\micha\AppData\Local\Temp\ccMEJtLK.s:352    .text.MX_ADC1_Init:00000074 $d
C:\Users\micha\AppData\Local\Temp\ccMEJtLK.s:864    .bss.hadc1:00000000 hadc1
C:\Users\micha\AppData\Local\Temp\ccMEJtLK.s:357    .text.MX_USART2_UART_Init:00000000 $t
C:\Users\micha\AppData\Local\Temp\ccMEJtLK.s:362    .text.MX_USART2_UART_Init:00000000 MX_USART2_UART_Init
C:\Users\micha\AppData\Local\Temp\ccMEJtLK.s:393    .text.MX_USART2_UART_Init:00000034 $d
C:\Users\micha\AppData\Local\Temp\ccMEJtLK.s:850    .bss.huart2:00000000 huart2
C:\Users\micha\AppData\Local\Temp\ccMEJtLK.s:397    .text.SystemClock_Config:00000000 $t
C:\Users\micha\AppData\Local\Temp\ccMEJtLK.s:403    .text.SystemClock_Config:00000000 SystemClock_Config
C:\Users\micha\AppData\Local\Temp\ccMEJtLK.s:455    .text.SystemClock_Config:00000064 $d
C:\Users\micha\AppData\Local\Temp\ccMEJtLK.s:458    .rodata.main.str1.4:00000000 $d
C:\Users\micha\AppData\Local\Temp\ccMEJtLK.s:477    .text.main:00000000 $t
C:\Users\micha\AppData\Local\Temp\ccMEJtLK.s:483    .text.main:00000000 main
C:\Users\micha\AppData\Local\Temp\ccMEJtLK.s:541    .rodata.main:00000000 $d
C:\Users\micha\AppData\Local\Temp\ccMEJtLK.s:770    .text.main:0000023c $d
C:\Users\micha\AppData\Local\Temp\ccMEJtLK.s:811    .bss.currentState:00000000 currentState
C:\Users\micha\AppData\Local\Temp\ccMEJtLK.s:799    .data.buttonPrevState.1:00000000 buttonPrevState.1
C:\Users\micha\AppData\Local\Temp\ccMEJtLK.s:794    .bss.highStart.0:00000000 highStart.0
C:\Users\micha\AppData\Local\Temp\ccMEJtLK.s:791    .bss.highStart.0:00000000 $d
C:\Users\micha\AppData\Local\Temp\ccMEJtLK.s:802    .bss.sum.2:00000000 $d
C:\Users\micha\AppData\Local\Temp\ccMEJtLK.s:812    .bss.currentState:00000000 $d
C:\Users\micha\AppData\Local\Temp\ccMEJtLK.s:817    .bss.currentMode:00000000 currentMode
C:\Users\micha\AppData\Local\Temp\ccMEJtLK.s:818    .bss.currentMode:00000000 $d
C:\Users\micha\AppData\Local\Temp\ccMEJtLK.s:824    .bss.buttonPressed:00000000 $d
C:\Users\micha\AppData\Local\Temp\ccMEJtLK.s:829    .data.buttonPrevState:00000000 buttonPrevState
C:\Users\micha\AppData\Local\Temp\ccMEJtLK.s:833    .bss.bufferIndex:00000000 $d
C:\Users\micha\AppData\Local\Temp\ccMEJtLK.s:840    .bss.adcBuffer:00000000 $d
C:\Users\micha\AppData\Local\Temp\ccMEJtLK.s:847    .bss.huart2:00000000 $d
C:\Users\micha\AppData\Local\Temp\ccMEJtLK.s:857    .bss.hdma_adc1:00000000 hdma_adc1
C:\Users\micha\AppData\Local\Temp\ccMEJtLK.s:854    .bss.hdma_adc1:00000000 $d
ARM GAS  C:\Users\micha\AppData\Local\Temp\ccMEJtLK.s 			page 18


C:\Users\micha\AppData\Local\Temp\ccMEJtLK.s:861    .bss.hadc1:00000000 $d

UNDEFINED SYMBOLS
memset
HAL_GPIO_Init
HAL_NVIC_SetPriority
HAL_NVIC_EnableIRQ
__aeabi_idivmod
__aeabi_uldivmod
rand
HAL_ADC_Init
HAL_ADC_ConfigChannel
HAL_UART_Init
HAL_RCC_OscConfig
HAL_RCC_ClockConfig
HAL_Init
BSP_LED_Init
BSP_PB_Init
strlen
HAL_UART_Transmit
HAL_GPIO_ReadPin
BSP_LED_Off
HAL_Delay
BSP_LED_On
HAL_ADC_Start
HAL_ADC_PollForConversion
HAL_ADC_GetValue
HAL_ADC_Stop
__aeabi_uidiv
sprintf
HAL_GetTick
BSP_LED_Toggle
