ARM GAS  C:\Users\micha\AppData\Local\Temp\cc3VDLVm.s 			page 1


   1              		.cpu cortex-m0plus
   2              		.arch armv6s-m
   3              		.fpu softvfp
   4              		.eabi_attribute 20, 1
   5              		.eabi_attribute 21, 1
   6              		.eabi_attribute 23, 3
   7              		.eabi_attribute 24, 1
   8              		.eabi_attribute 25, 1
   9              		.eabi_attribute 26, 1
  10              		.eabi_attribute 30, 1
  11              		.eabi_attribute 34, 0
  12              		.eabi_attribute 18, 4
  13              		.file	"stm32c0xx_hal_usart_ex.c"
  14              		.text
  15              		.ident	"GCC: (xPack GNU Arm Embedded GCC x86_64) 14.2.1 20241119"
ARM GAS  C:\Users\micha\AppData\Local\Temp\cc3VDLVm.s 			page 2


DEFINED SYMBOLS
                            *ABS*:00000000 stm32c0xx_hal_usart_ex.c

NO UNDEFINED SYMBOLS
