ARM GAS  C:\Users\micha\AppData\Local\Temp\ccYYY1Pr.s 			page 1


   1              		.cpu cortex-m0plus
   2              		.arch armv6s-m
   3              		.fpu softvfp
   4              		.eabi_attribute 20, 1
   5              		.eabi_attribute 21, 1
   6              		.eabi_attribute 23, 3
   7              		.eabi_attribute 24, 1
   8              		.eabi_attribute 25, 1
   9              		.eabi_attribute 26, 1
  10              		.eabi_attribute 30, 1
  11              		.eabi_attribute 34, 0
  12              		.eabi_attribute 18, 4
  13              		.file	"stm32c0xx_hal_msp.c"
  14              		.text
  15              		.section	.text.HAL_MspInit,"ax",%progbits
  16              		.align	1
  17              		.global	HAL_MspInit
  18              		.syntax unified
  19              		.code	16
  20              		.thumb_func
  22              	HAL_MspInit:
  23              		@ args = 0, pretend = 0, frame = 8
  24              		@ frame_needed = 0, uses_anonymous_args = 0
  25              		@ link register save eliminated.
  26 0000 82B0     		sub	sp, sp, #8
  27 0002 0A4B     		ldr	r3, .L2
  28 0004 196C     		ldr	r1, [r3, #64]
  29 0006 0122     		movs	r2, #1
  30 0008 1143     		orrs	r1, r2
  31 000a 1964     		str	r1, [r3, #64]
  32 000c 196C     		ldr	r1, [r3, #64]
  33 000e 0A40     		ands	r2, r1
  34 0010 0092     		str	r2, [sp]
  35 0012 009A     		ldr	r2, [sp]
  36 0014 DA6B     		ldr	r2, [r3, #60]
  37 0016 8021     		movs	r1, #128
  38 0018 4905     		lsls	r1, r1, #21
  39 001a 0A43     		orrs	r2, r1
  40 001c DA63     		str	r2, [r3, #60]
  41 001e DB6B     		ldr	r3, [r3, #60]
  42 0020 0B40     		ands	r3, r1
  43 0022 0193     		str	r3, [sp, #4]
  44 0024 019B     		ldr	r3, [sp, #4]
  45 0026 02B0     		add	sp, sp, #8
  46              		@ sp needed
  47 0028 7047     		bx	lr
  48              	.L3:
  49 002a C046     		.align	2
  50              	.L2:
  51 002c 00100240 		.word	1073876992
  53              		.section	.text.HAL_ADC_MspInit,"ax",%progbits
  54              		.align	1
  55              		.global	HAL_ADC_MspInit
  56              		.syntax unified
  57              		.code	16
  58              		.thumb_func
  60              	HAL_ADC_MspInit:
ARM GAS  C:\Users\micha\AppData\Local\Temp\ccYYY1Pr.s 			page 2


  61              		@ args = 0, pretend = 0, frame = 56
  62              		@ frame_needed = 0, uses_anonymous_args = 0
  63 0000 30B5     		push	{r4, r5, lr}
  64 0002 8FB0     		sub	sp, sp, #60
  65 0004 0400     		movs	r4, r0
  66 0006 1422     		movs	r2, #20
  67 0008 0021     		movs	r1, #0
  68 000a 09A8     		add	r0, sp, #36
  69 000c FFF7FEFF 		bl	memset
  70 0010 1C22     		movs	r2, #28
  71 0012 0021     		movs	r1, #0
  72 0014 02A8     		add	r0, sp, #8
  73 0016 FFF7FEFF 		bl	memset
  74 001a 2268     		ldr	r2, [r4]
  75 001c 244B     		ldr	r3, .L11
  76 001e 9A42     		cmp	r2, r3
  77 0020 01D0     		beq	.L8
  78              	.L4:
  79 0022 0FB0     		add	sp, sp, #60
  80              		@ sp needed
  81 0024 30BD     		pop	{r4, r5, pc}
  82              	.L8:
  83 0026 2023     		movs	r3, #32
  84 0028 0293     		str	r3, [sp, #8]
  85 002a 02A8     		add	r0, sp, #8
  86 002c FFF7FEFF 		bl	HAL_RCCEx_PeriphCLKConfig
  87 0030 0028     		cmp	r0, #0
  88 0032 36D1     		bne	.L9
  89              	.L6:
  90 0034 1F4B     		ldr	r3, .L11+4
  91 0036 1A6C     		ldr	r2, [r3, #64]
  92 0038 8021     		movs	r1, #128
  93 003a 4903     		lsls	r1, r1, #13
  94 003c 0A43     		orrs	r2, r1
  95 003e 1A64     		str	r2, [r3, #64]
  96 0040 1A6C     		ldr	r2, [r3, #64]
  97 0042 0A40     		ands	r2, r1
  98 0044 0092     		str	r2, [sp]
  99 0046 009A     		ldr	r2, [sp]
 100 0048 596B     		ldr	r1, [r3, #52]
 101 004a 0122     		movs	r2, #1
 102 004c 1143     		orrs	r1, r2
 103 004e 5963     		str	r1, [r3, #52]
 104 0050 5B6B     		ldr	r3, [r3, #52]
 105 0052 1A40     		ands	r2, r3
 106 0054 0192     		str	r2, [sp, #4]
 107 0056 019B     		ldr	r3, [sp, #4]
 108 0058 09A9     		add	r1, sp, #36
 109 005a 1023     		movs	r3, #16
 110 005c 0993     		str	r3, [sp, #36]
 111 005e 0D3B     		subs	r3, r3, #13
 112 0060 4B60     		str	r3, [r1, #4]
 113 0062 0025     		movs	r5, #0
 114 0064 8D60     		str	r5, [r1, #8]
 115 0066 A020     		movs	r0, #160
 116 0068 C005     		lsls	r0, r0, #23
 117 006a FFF7FEFF 		bl	HAL_GPIO_Init
ARM GAS  C:\Users\micha\AppData\Local\Temp\ccYYY1Pr.s 			page 3


 118 006e 1248     		ldr	r0, .L11+8
 119 0070 124B     		ldr	r3, .L11+12
 120 0072 0360     		str	r3, [r0]
 121 0074 0523     		movs	r3, #5
 122 0076 4360     		str	r3, [r0, #4]
 123 0078 8560     		str	r5, [r0, #8]
 124 007a C560     		str	r5, [r0, #12]
 125 007c 7B33     		adds	r3, r3, #123
 126 007e 0361     		str	r3, [r0, #16]
 127 0080 8033     		adds	r3, r3, #128
 128 0082 4361     		str	r3, [r0, #20]
 129 0084 8023     		movs	r3, #128
 130 0086 DB00     		lsls	r3, r3, #3
 131 0088 8361     		str	r3, [r0, #24]
 132 008a C561     		str	r5, [r0, #28]
 133 008c 8023     		movs	r3, #128
 134 008e 5B01     		lsls	r3, r3, #5
 135 0090 0362     		str	r3, [r0, #32]
 136 0092 FFF7FEFF 		bl	HAL_DMA_Init
 137 0096 0028     		cmp	r0, #0
 138 0098 06D1     		bne	.L10
 139              	.L7:
 140 009a 074B     		ldr	r3, .L11+8
 141 009c 2365     		str	r3, [r4, #80]
 142 009e 9C62     		str	r4, [r3, #40]
 143 00a0 BFE7     		b	.L4
 144              	.L9:
 145 00a2 FFF7FEFF 		bl	Error_Handler
 146 00a6 C5E7     		b	.L6
 147              	.L10:
 148 00a8 FFF7FEFF 		bl	Error_Handler
 149 00ac F5E7     		b	.L7
 150              	.L12:
 151 00ae C046     		.align	2
 152              	.L11:
 153 00b0 00240140 		.word	1073816576
 154 00b4 00100240 		.word	1073876992
 155 00b8 00000000 		.word	hdma_adc1
 156 00bc 08000240 		.word	1073872904
 158              		.section	.text.HAL_ADC_MspDeInit,"ax",%progbits
 159              		.align	1
 160              		.global	HAL_ADC_MspDeInit
 161              		.syntax unified
 162              		.code	16
 163              		.thumb_func
 165              	HAL_ADC_MspDeInit:
 166              		@ args = 0, pretend = 0, frame = 0
 167              		@ frame_needed = 0, uses_anonymous_args = 0
 168 0000 10B5     		push	{r4, lr}
 169 0002 0400     		movs	r4, r0
 170 0004 0268     		ldr	r2, [r0]
 171 0006 094B     		ldr	r3, .L16
 172 0008 9A42     		cmp	r2, r3
 173 000a 00D0     		beq	.L15
 174              	.L13:
 175              		@ sp needed
 176 000c 10BD     		pop	{r4, pc}
ARM GAS  C:\Users\micha\AppData\Local\Temp\ccYYY1Pr.s 			page 4


 177              	.L15:
 178 000e 084A     		ldr	r2, .L16+4
 179 0010 136C     		ldr	r3, [r2, #64]
 180 0012 0849     		ldr	r1, .L16+8
 181 0014 0B40     		ands	r3, r1
 182 0016 1364     		str	r3, [r2, #64]
 183 0018 A020     		movs	r0, #160
 184 001a 1021     		movs	r1, #16
 185 001c C005     		lsls	r0, r0, #23
 186 001e FFF7FEFF 		bl	HAL_GPIO_DeInit
 187 0022 206D     		ldr	r0, [r4, #80]
 188 0024 FFF7FEFF 		bl	HAL_DMA_DeInit
 189 0028 F0E7     		b	.L13
 190              	.L17:
 191 002a C046     		.align	2
 192              	.L16:
 193 002c 00240140 		.word	1073816576
 194 0030 00100240 		.word	1073876992
 195 0034 FFFFEFFF 		.word	-1048577
 197              		.section	.text.HAL_UART_MspInit,"ax",%progbits
 198              		.align	1
 199              		.global	HAL_UART_MspInit
 200              		.syntax unified
 201              		.code	16
 202              		.thumb_func
 204              	HAL_UART_MspInit:
 205              		@ args = 0, pretend = 0, frame = 32
 206              		@ frame_needed = 0, uses_anonymous_args = 0
 207 0000 10B5     		push	{r4, lr}
 208 0002 88B0     		sub	sp, sp, #32
 209 0004 0400     		movs	r4, r0
 210 0006 1422     		movs	r2, #20
 211 0008 0021     		movs	r1, #0
 212 000a 03A8     		add	r0, sp, #12
 213 000c FFF7FEFF 		bl	memset
 214 0010 2268     		ldr	r2, [r4]
 215 0012 114B     		ldr	r3, .L21
 216 0014 9A42     		cmp	r2, r3
 217 0016 01D0     		beq	.L20
 218              	.L18:
 219 0018 08B0     		add	sp, sp, #32
 220              		@ sp needed
 221 001a 10BD     		pop	{r4, pc}
 222              	.L20:
 223 001c 0F4B     		ldr	r3, .L21+4
 224 001e DA6B     		ldr	r2, [r3, #60]
 225 0020 8021     		movs	r1, #128
 226 0022 8902     		lsls	r1, r1, #10
 227 0024 0A43     		orrs	r2, r1
 228 0026 DA63     		str	r2, [r3, #60]
 229 0028 DA6B     		ldr	r2, [r3, #60]
 230 002a 0A40     		ands	r2, r1
 231 002c 0192     		str	r2, [sp, #4]
 232 002e 019A     		ldr	r2, [sp, #4]
 233 0030 596B     		ldr	r1, [r3, #52]
 234 0032 0122     		movs	r2, #1
 235 0034 1143     		orrs	r1, r2
ARM GAS  C:\Users\micha\AppData\Local\Temp\ccYYY1Pr.s 			page 5


 236 0036 5963     		str	r1, [r3, #52]
 237 0038 5B6B     		ldr	r3, [r3, #52]
 238 003a 1340     		ands	r3, r2
 239 003c 0293     		str	r3, [sp, #8]
 240 003e 029B     		ldr	r3, [sp, #8]
 241 0040 03A9     		add	r1, sp, #12
 242 0042 0C23     		movs	r3, #12
 243 0044 0393     		str	r3, [sp, #12]
 244 0046 0A3B     		subs	r3, r3, #10
 245 0048 4B60     		str	r3, [r1, #4]
 246 004a 0A61     		str	r2, [r1, #16]
 247 004c A020     		movs	r0, #160
 248 004e C005     		lsls	r0, r0, #23
 249 0050 FFF7FEFF 		bl	HAL_GPIO_Init
 250 0054 E0E7     		b	.L18
 251              	.L22:
 252 0056 C046     		.align	2
 253              	.L21:
 254 0058 00440040 		.word	1073759232
 255 005c 00100240 		.word	1073876992
 257              		.section	.text.HAL_UART_MspDeInit,"ax",%progbits
 258              		.align	1
 259              		.global	HAL_UART_MspDeInit
 260              		.syntax unified
 261              		.code	16
 262              		.thumb_func
 264              	HAL_UART_MspDeInit:
 265              		@ args = 0, pretend = 0, frame = 0
 266              		@ frame_needed = 0, uses_anonymous_args = 0
 267 0000 10B5     		push	{r4, lr}
 268 0002 0268     		ldr	r2, [r0]
 269 0004 074B     		ldr	r3, .L26
 270 0006 9A42     		cmp	r2, r3
 271 0008 00D0     		beq	.L25
 272              	.L23:
 273              		@ sp needed
 274 000a 10BD     		pop	{r4, pc}
 275              	.L25:
 276 000c 064A     		ldr	r2, .L26+4
 277 000e D36B     		ldr	r3, [r2, #60]
 278 0010 0649     		ldr	r1, .L26+8
 279 0012 0B40     		ands	r3, r1
 280 0014 D363     		str	r3, [r2, #60]
 281 0016 A020     		movs	r0, #160
 282 0018 0C21     		movs	r1, #12
 283 001a C005     		lsls	r0, r0, #23
 284 001c FFF7FEFF 		bl	HAL_GPIO_DeInit
 285 0020 F3E7     		b	.L23
 286              	.L27:
 287 0022 C046     		.align	2
 288              	.L26:
 289 0024 00440040 		.word	1073759232
 290 0028 00100240 		.word	1073876992
 291 002c FFFFFDFF 		.word	-131073
 293              		.ident	"GCC: (xPack GNU Arm Embedded GCC x86_64) 14.2.1 20241119"
ARM GAS  C:\Users\micha\AppData\Local\Temp\ccYYY1Pr.s 			page 6


DEFINED SYMBOLS
                            *ABS*:00000000 stm32c0xx_hal_msp.c
C:\Users\micha\AppData\Local\Temp\ccYYY1Pr.s:16     .text.HAL_MspInit:00000000 $t
C:\Users\micha\AppData\Local\Temp\ccYYY1Pr.s:22     .text.HAL_MspInit:00000000 HAL_MspInit
C:\Users\micha\AppData\Local\Temp\ccYYY1Pr.s:51     .text.HAL_MspInit:0000002c $d
C:\Users\micha\AppData\Local\Temp\ccYYY1Pr.s:54     .text.HAL_ADC_MspInit:00000000 $t
C:\Users\micha\AppData\Local\Temp\ccYYY1Pr.s:60     .text.HAL_ADC_MspInit:00000000 HAL_ADC_MspInit
C:\Users\micha\AppData\Local\Temp\ccYYY1Pr.s:153    .text.HAL_ADC_MspInit:000000b0 $d
C:\Users\micha\AppData\Local\Temp\ccYYY1Pr.s:159    .text.HAL_ADC_MspDeInit:00000000 $t
C:\Users\micha\AppData\Local\Temp\ccYYY1Pr.s:165    .text.HAL_ADC_MspDeInit:00000000 HAL_ADC_MspDeInit
C:\Users\micha\AppData\Local\Temp\ccYYY1Pr.s:193    .text.HAL_ADC_MspDeInit:0000002c $d
C:\Users\micha\AppData\Local\Temp\ccYYY1Pr.s:198    .text.HAL_UART_MspInit:00000000 $t
C:\Users\micha\AppData\Local\Temp\ccYYY1Pr.s:204    .text.HAL_UART_MspInit:00000000 HAL_UART_MspInit
C:\Users\micha\AppData\Local\Temp\ccYYY1Pr.s:254    .text.HAL_UART_MspInit:00000058 $d
C:\Users\micha\AppData\Local\Temp\ccYYY1Pr.s:258    .text.HAL_UART_MspDeInit:00000000 $t
C:\Users\micha\AppData\Local\Temp\ccYYY1Pr.s:264    .text.HAL_UART_MspDeInit:00000000 HAL_UART_MspDeInit
C:\Users\micha\AppData\Local\Temp\ccYYY1Pr.s:289    .text.HAL_UART_MspDeInit:00000024 $d

UNDEFINED SYMBOLS
memset
HAL_RCCEx_PeriphCLKConfig
HAL_GPIO_Init
HAL_DMA_Init
Error_Handler
hdma_adc1
HAL_GPIO_DeInit
HAL_DMA_DeInit
