ARM GAS  C:\Users\micha\AppData\Local\Temp\cc2eXe4n.s 			page 1


   1              		.cpu cortex-m0plus
   2              		.arch armv6s-m
   3              		.fpu softvfp
   4              		.eabi_attribute 20, 1
   5              		.eabi_attribute 21, 1
   6              		.eabi_attribute 23, 3
   7              		.eabi_attribute 24, 1
   8              		.eabi_attribute 25, 1
   9              		.eabi_attribute 26, 1
  10              		.eabi_attribute 30, 1
  11              		.eabi_attribute 34, 0
  12              		.eabi_attribute 18, 4
  13              		.file	"stm32c0xx_hal_msp.c"
  14              		.text
  15              	.Ltext0:
  16              		.cfi_sections	.debug_frame
  17              		.file 1 "Core/Src/stm32c0xx_hal_msp.c"
  18              		.section	.text.HAL_MspInit,"ax",%progbits
  19              		.align	1
  20              		.global	HAL_MspInit
  21              		.syntax unified
  22              		.code	16
  23              		.thumb_func
  25              	HAL_MspInit:
  26              	.LFB342:
   1:Core/Src/stm32c0xx_hal_msp.c **** /* USER CODE BEGIN Header */
   2:Core/Src/stm32c0xx_hal_msp.c **** /**
   3:Core/Src/stm32c0xx_hal_msp.c ****   ******************************************************************************
   4:Core/Src/stm32c0xx_hal_msp.c ****   * @file         stm32c0xx_hal_msp.c
   5:Core/Src/stm32c0xx_hal_msp.c ****   * @brief        This file provides code for the MSP Initialization
   6:Core/Src/stm32c0xx_hal_msp.c ****   *               and de-Initialization codes.
   7:Core/Src/stm32c0xx_hal_msp.c ****   ******************************************************************************
   8:Core/Src/stm32c0xx_hal_msp.c ****   * @attention
   9:Core/Src/stm32c0xx_hal_msp.c ****   *
  10:Core/Src/stm32c0xx_hal_msp.c ****   * Copyright (c) 2025 STMicroelectronics.
  11:Core/Src/stm32c0xx_hal_msp.c ****   * All rights reserved.
  12:Core/Src/stm32c0xx_hal_msp.c ****   *
  13:Core/Src/stm32c0xx_hal_msp.c ****   * This software is licensed under terms that can be found in the LICENSE file
  14:Core/Src/stm32c0xx_hal_msp.c ****   * in the root directory of this software component.
  15:Core/Src/stm32c0xx_hal_msp.c ****   * If no LICENSE file comes with this software, it is provided AS-IS.
  16:Core/Src/stm32c0xx_hal_msp.c ****   *
  17:Core/Src/stm32c0xx_hal_msp.c ****   ******************************************************************************
  18:Core/Src/stm32c0xx_hal_msp.c ****   */
  19:Core/Src/stm32c0xx_hal_msp.c **** /* USER CODE END Header */
  20:Core/Src/stm32c0xx_hal_msp.c **** 
  21:Core/Src/stm32c0xx_hal_msp.c **** /* Includes ------------------------------------------------------------------*/
  22:Core/Src/stm32c0xx_hal_msp.c **** #include "main.h"
  23:Core/Src/stm32c0xx_hal_msp.c **** /* USER CODE BEGIN Includes */
  24:Core/Src/stm32c0xx_hal_msp.c **** 
  25:Core/Src/stm32c0xx_hal_msp.c **** /* USER CODE END Includes */
  26:Core/Src/stm32c0xx_hal_msp.c **** extern DMA_HandleTypeDef hdma_adc1;
  27:Core/Src/stm32c0xx_hal_msp.c **** 
  28:Core/Src/stm32c0xx_hal_msp.c **** /* Private typedef -----------------------------------------------------------*/
  29:Core/Src/stm32c0xx_hal_msp.c **** /* USER CODE BEGIN TD */
  30:Core/Src/stm32c0xx_hal_msp.c **** 
  31:Core/Src/stm32c0xx_hal_msp.c **** /* USER CODE END TD */
  32:Core/Src/stm32c0xx_hal_msp.c **** 
ARM GAS  C:\Users\micha\AppData\Local\Temp\cc2eXe4n.s 			page 2


  33:Core/Src/stm32c0xx_hal_msp.c **** /* Private define ------------------------------------------------------------*/
  34:Core/Src/stm32c0xx_hal_msp.c **** /* USER CODE BEGIN Define */
  35:Core/Src/stm32c0xx_hal_msp.c **** 
  36:Core/Src/stm32c0xx_hal_msp.c **** /* USER CODE END Define */
  37:Core/Src/stm32c0xx_hal_msp.c **** 
  38:Core/Src/stm32c0xx_hal_msp.c **** /* Private macro -------------------------------------------------------------*/
  39:Core/Src/stm32c0xx_hal_msp.c **** /* USER CODE BEGIN Macro */
  40:Core/Src/stm32c0xx_hal_msp.c **** 
  41:Core/Src/stm32c0xx_hal_msp.c **** /* USER CODE END Macro */
  42:Core/Src/stm32c0xx_hal_msp.c **** 
  43:Core/Src/stm32c0xx_hal_msp.c **** /* Private variables ---------------------------------------------------------*/
  44:Core/Src/stm32c0xx_hal_msp.c **** /* USER CODE BEGIN PV */
  45:Core/Src/stm32c0xx_hal_msp.c **** 
  46:Core/Src/stm32c0xx_hal_msp.c **** /* USER CODE END PV */
  47:Core/Src/stm32c0xx_hal_msp.c **** 
  48:Core/Src/stm32c0xx_hal_msp.c **** /* Private function prototypes -----------------------------------------------*/
  49:Core/Src/stm32c0xx_hal_msp.c **** /* USER CODE BEGIN PFP */
  50:Core/Src/stm32c0xx_hal_msp.c **** 
  51:Core/Src/stm32c0xx_hal_msp.c **** /* USER CODE END PFP */
  52:Core/Src/stm32c0xx_hal_msp.c **** 
  53:Core/Src/stm32c0xx_hal_msp.c **** /* External functions --------------------------------------------------------*/
  54:Core/Src/stm32c0xx_hal_msp.c **** /* USER CODE BEGIN ExternalFunctions */
  55:Core/Src/stm32c0xx_hal_msp.c **** 
  56:Core/Src/stm32c0xx_hal_msp.c **** /* USER CODE END ExternalFunctions */
  57:Core/Src/stm32c0xx_hal_msp.c **** 
  58:Core/Src/stm32c0xx_hal_msp.c **** /* USER CODE BEGIN 0 */
  59:Core/Src/stm32c0xx_hal_msp.c **** 
  60:Core/Src/stm32c0xx_hal_msp.c **** /* USER CODE END 0 */
  61:Core/Src/stm32c0xx_hal_msp.c **** /**
  62:Core/Src/stm32c0xx_hal_msp.c ****   * Initializes the Global MSP.
  63:Core/Src/stm32c0xx_hal_msp.c ****   */
  64:Core/Src/stm32c0xx_hal_msp.c **** void HAL_MspInit(void)
  65:Core/Src/stm32c0xx_hal_msp.c **** {
  27              		.loc 1 65 1 view -0
  28              		.cfi_startproc
  29              		@ args = 0, pretend = 0, frame = 8
  30              		@ frame_needed = 0, uses_anonymous_args = 0
  31              		@ link register save eliminated.
  32 0000 82B0     		sub	sp, sp, #8
  33              		.cfi_def_cfa_offset 8
  66:Core/Src/stm32c0xx_hal_msp.c **** 
  67:Core/Src/stm32c0xx_hal_msp.c ****   /* USER CODE BEGIN MspInit 0 */
  68:Core/Src/stm32c0xx_hal_msp.c **** 
  69:Core/Src/stm32c0xx_hal_msp.c ****   /* USER CODE END MspInit 0 */
  70:Core/Src/stm32c0xx_hal_msp.c **** 
  71:Core/Src/stm32c0xx_hal_msp.c ****   __HAL_RCC_SYSCFG_CLK_ENABLE();
  34              		.loc 1 71 3 view .LVU1
  35              	.LBB2:
  36              		.loc 1 71 3 view .LVU2
  37              		.loc 1 71 3 view .LVU3
  38 0002 0A4B     		ldr	r3, .L2
  39 0004 196C     		ldr	r1, [r3, #64]
  40 0006 0122     		movs	r2, #1
  41 0008 1143     		orrs	r1, r2
  42 000a 1964     		str	r1, [r3, #64]
  43              		.loc 1 71 3 view .LVU4
  44 000c 196C     		ldr	r1, [r3, #64]
ARM GAS  C:\Users\micha\AppData\Local\Temp\cc2eXe4n.s 			page 3


  45 000e 0A40     		ands	r2, r1
  46 0010 0092     		str	r2, [sp]
  47              		.loc 1 71 3 view .LVU5
  48 0012 009A     		ldr	r2, [sp]
  49              	.LBE2:
  50              		.loc 1 71 3 view .LVU6
  72:Core/Src/stm32c0xx_hal_msp.c ****   __HAL_RCC_PWR_CLK_ENABLE();
  51              		.loc 1 72 3 view .LVU7
  52              	.LBB3:
  53              		.loc 1 72 3 view .LVU8
  54              		.loc 1 72 3 view .LVU9
  55 0014 DA6B     		ldr	r2, [r3, #60]
  56 0016 8021     		movs	r1, #128
  57 0018 4905     		lsls	r1, r1, #21
  58 001a 0A43     		orrs	r2, r1
  59 001c DA63     		str	r2, [r3, #60]
  60              		.loc 1 72 3 view .LVU10
  61 001e DB6B     		ldr	r3, [r3, #60]
  62 0020 0B40     		ands	r3, r1
  63 0022 0193     		str	r3, [sp, #4]
  64              		.loc 1 72 3 view .LVU11
  65 0024 019B     		ldr	r3, [sp, #4]
  66              	.LBE3:
  67              		.loc 1 72 3 view .LVU12
  73:Core/Src/stm32c0xx_hal_msp.c **** 
  74:Core/Src/stm32c0xx_hal_msp.c ****   /* System interrupt init*/
  75:Core/Src/stm32c0xx_hal_msp.c **** 
  76:Core/Src/stm32c0xx_hal_msp.c ****   /* USER CODE BEGIN MspInit 1 */
  77:Core/Src/stm32c0xx_hal_msp.c **** 
  78:Core/Src/stm32c0xx_hal_msp.c ****   /* USER CODE END MspInit 1 */
  79:Core/Src/stm32c0xx_hal_msp.c **** }
  68              		.loc 1 79 1 is_stmt 0 view .LVU13
  69 0026 02B0     		add	sp, sp, #8
  70              		@ sp needed
  71 0028 7047     		bx	lr
  72              	.L3:
  73 002a C046     		.align	2
  74              	.L2:
  75 002c 00100240 		.word	1073876992
  76              		.cfi_endproc
  77              	.LFE342:
  79              		.section	.text.HAL_ADC_MspInit,"ax",%progbits
  80              		.align	1
  81              		.global	HAL_ADC_MspInit
  82              		.syntax unified
  83              		.code	16
  84              		.thumb_func
  86              	HAL_ADC_MspInit:
  87              	.LVL0:
  88              	.LFB343:
  80:Core/Src/stm32c0xx_hal_msp.c **** 
  81:Core/Src/stm32c0xx_hal_msp.c **** /**
  82:Core/Src/stm32c0xx_hal_msp.c ****   * @brief ADC MSP Initialization
  83:Core/Src/stm32c0xx_hal_msp.c ****   * This function configures the hardware resources used in this example
  84:Core/Src/stm32c0xx_hal_msp.c ****   * @param hadc: ADC handle pointer
  85:Core/Src/stm32c0xx_hal_msp.c ****   * @retval None
  86:Core/Src/stm32c0xx_hal_msp.c ****   */
ARM GAS  C:\Users\micha\AppData\Local\Temp\cc2eXe4n.s 			page 4


  87:Core/Src/stm32c0xx_hal_msp.c **** void HAL_ADC_MspInit(ADC_HandleTypeDef* hadc)
  88:Core/Src/stm32c0xx_hal_msp.c **** {
  89              		.loc 1 88 1 is_stmt 1 view -0
  90              		.cfi_startproc
  91              		@ args = 0, pretend = 0, frame = 56
  92              		@ frame_needed = 0, uses_anonymous_args = 0
  93              		.loc 1 88 1 is_stmt 0 view .LVU15
  94 0000 30B5     		push	{r4, r5, lr}
  95              		.cfi_def_cfa_offset 12
  96              		.cfi_offset 4, -12
  97              		.cfi_offset 5, -8
  98              		.cfi_offset 14, -4
  99 0002 8FB0     		sub	sp, sp, #60
 100              		.cfi_def_cfa_offset 72
 101 0004 0400     		movs	r4, r0
  89:Core/Src/stm32c0xx_hal_msp.c ****   GPIO_InitTypeDef GPIO_InitStruct = {0};
 102              		.loc 1 89 3 is_stmt 1 view .LVU16
 103              		.loc 1 89 20 is_stmt 0 view .LVU17
 104 0006 1422     		movs	r2, #20
 105 0008 0021     		movs	r1, #0
 106 000a 09A8     		add	r0, sp, #36
 107              	.LVL1:
 108              		.loc 1 89 20 view .LVU18
 109 000c FFF7FEFF 		bl	memset
 110              	.LVL2:
  90:Core/Src/stm32c0xx_hal_msp.c ****   RCC_PeriphCLKInitTypeDef PeriphClkInit = {0};
 111              		.loc 1 90 3 is_stmt 1 view .LVU19
 112              		.loc 1 90 28 is_stmt 0 view .LVU20
 113 0010 1C22     		movs	r2, #28
 114 0012 0021     		movs	r1, #0
 115 0014 02A8     		add	r0, sp, #8
 116 0016 FFF7FEFF 		bl	memset
 117              	.LVL3:
  91:Core/Src/stm32c0xx_hal_msp.c ****   if(hadc->Instance==ADC1)
 118              		.loc 1 91 3 is_stmt 1 view .LVU21
 119              		.loc 1 91 10 is_stmt 0 view .LVU22
 120 001a 2268     		ldr	r2, [r4]
 121              		.loc 1 91 5 view .LVU23
 122 001c 244B     		ldr	r3, .L11
 123 001e 9A42     		cmp	r2, r3
 124 0020 01D0     		beq	.L8
 125              	.L4:
  92:Core/Src/stm32c0xx_hal_msp.c ****   {
  93:Core/Src/stm32c0xx_hal_msp.c ****     /* USER CODE BEGIN ADC1_MspInit 0 */
  94:Core/Src/stm32c0xx_hal_msp.c **** 
  95:Core/Src/stm32c0xx_hal_msp.c ****     /* USER CODE END ADC1_MspInit 0 */
  96:Core/Src/stm32c0xx_hal_msp.c **** 
  97:Core/Src/stm32c0xx_hal_msp.c ****   /** Initializes the peripherals clocks
  98:Core/Src/stm32c0xx_hal_msp.c ****   */
  99:Core/Src/stm32c0xx_hal_msp.c ****     PeriphClkInit.PeriphClockSelection = RCC_PERIPHCLK_ADC;
 100:Core/Src/stm32c0xx_hal_msp.c ****     PeriphClkInit.AdcClockSelection = RCC_ADCCLKSOURCE_SYSCLK;
 101:Core/Src/stm32c0xx_hal_msp.c ****     if (HAL_RCCEx_PeriphCLKConfig(&PeriphClkInit) != HAL_OK)
 102:Core/Src/stm32c0xx_hal_msp.c ****     {
 103:Core/Src/stm32c0xx_hal_msp.c ****       Error_Handler();
 104:Core/Src/stm32c0xx_hal_msp.c ****     }
 105:Core/Src/stm32c0xx_hal_msp.c **** 
 106:Core/Src/stm32c0xx_hal_msp.c ****     /* Peripheral clock enable */
ARM GAS  C:\Users\micha\AppData\Local\Temp\cc2eXe4n.s 			page 5


 107:Core/Src/stm32c0xx_hal_msp.c ****     __HAL_RCC_ADC_CLK_ENABLE();
 108:Core/Src/stm32c0xx_hal_msp.c **** 
 109:Core/Src/stm32c0xx_hal_msp.c ****     __HAL_RCC_GPIOA_CLK_ENABLE();
 110:Core/Src/stm32c0xx_hal_msp.c ****     /**ADC1 GPIO Configuration
 111:Core/Src/stm32c0xx_hal_msp.c ****     PA4     ------> ADC1_IN4
 112:Core/Src/stm32c0xx_hal_msp.c ****     */
 113:Core/Src/stm32c0xx_hal_msp.c ****     GPIO_InitStruct.Pin = GPIO_PIN_4;
 114:Core/Src/stm32c0xx_hal_msp.c ****     GPIO_InitStruct.Mode = GPIO_MODE_ANALOG;
 115:Core/Src/stm32c0xx_hal_msp.c ****     GPIO_InitStruct.Pull = GPIO_NOPULL;
 116:Core/Src/stm32c0xx_hal_msp.c ****     HAL_GPIO_Init(GPIOA, &GPIO_InitStruct);
 117:Core/Src/stm32c0xx_hal_msp.c **** 
 118:Core/Src/stm32c0xx_hal_msp.c ****     /* ADC1 DMA Init */
 119:Core/Src/stm32c0xx_hal_msp.c ****     /* ADC1 Init */
 120:Core/Src/stm32c0xx_hal_msp.c ****     hdma_adc1.Instance = DMA1_Channel1;
 121:Core/Src/stm32c0xx_hal_msp.c ****     hdma_adc1.Init.Request = DMA_REQUEST_ADC1;
 122:Core/Src/stm32c0xx_hal_msp.c ****     hdma_adc1.Init.Direction = DMA_PERIPH_TO_MEMORY;
 123:Core/Src/stm32c0xx_hal_msp.c ****     hdma_adc1.Init.PeriphInc = DMA_PINC_DISABLE;
 124:Core/Src/stm32c0xx_hal_msp.c ****     hdma_adc1.Init.MemInc = DMA_MINC_ENABLE;
 125:Core/Src/stm32c0xx_hal_msp.c ****     hdma_adc1.Init.PeriphDataAlignment = DMA_PDATAALIGN_HALFWORD;
 126:Core/Src/stm32c0xx_hal_msp.c ****     hdma_adc1.Init.MemDataAlignment = DMA_MDATAALIGN_HALFWORD;
 127:Core/Src/stm32c0xx_hal_msp.c ****     hdma_adc1.Init.Mode = DMA_NORMAL;
 128:Core/Src/stm32c0xx_hal_msp.c ****     hdma_adc1.Init.Priority = DMA_PRIORITY_MEDIUM;
 129:Core/Src/stm32c0xx_hal_msp.c ****     if (HAL_DMA_Init(&hdma_adc1) != HAL_OK)
 130:Core/Src/stm32c0xx_hal_msp.c ****     {
 131:Core/Src/stm32c0xx_hal_msp.c ****       Error_Handler();
 132:Core/Src/stm32c0xx_hal_msp.c ****     }
 133:Core/Src/stm32c0xx_hal_msp.c **** 
 134:Core/Src/stm32c0xx_hal_msp.c ****     __HAL_LINKDMA(hadc,DMA_Handle,hdma_adc1);
 135:Core/Src/stm32c0xx_hal_msp.c **** 
 136:Core/Src/stm32c0xx_hal_msp.c ****     /* USER CODE BEGIN ADC1_MspInit 1 */
 137:Core/Src/stm32c0xx_hal_msp.c **** 
 138:Core/Src/stm32c0xx_hal_msp.c ****     /* USER CODE END ADC1_MspInit 1 */
 139:Core/Src/stm32c0xx_hal_msp.c **** 
 140:Core/Src/stm32c0xx_hal_msp.c ****   }
 141:Core/Src/stm32c0xx_hal_msp.c **** 
 142:Core/Src/stm32c0xx_hal_msp.c **** }
 126              		.loc 1 142 1 view .LVU24
 127 0022 0FB0     		add	sp, sp, #60
 128              		@ sp needed
 129              	.LVL4:
 130              		.loc 1 142 1 view .LVU25
 131 0024 30BD     		pop	{r4, r5, pc}
 132              	.LVL5:
 133              	.L8:
  99:Core/Src/stm32c0xx_hal_msp.c ****     PeriphClkInit.AdcClockSelection = RCC_ADCCLKSOURCE_SYSCLK;
 134              		.loc 1 99 5 is_stmt 1 view .LVU26
  99:Core/Src/stm32c0xx_hal_msp.c ****     PeriphClkInit.AdcClockSelection = RCC_ADCCLKSOURCE_SYSCLK;
 135              		.loc 1 99 40 is_stmt 0 view .LVU27
 136 0026 2023     		movs	r3, #32
 137 0028 0293     		str	r3, [sp, #8]
 100:Core/Src/stm32c0xx_hal_msp.c ****     if (HAL_RCCEx_PeriphCLKConfig(&PeriphClkInit) != HAL_OK)
 138              		.loc 1 100 5 is_stmt 1 view .LVU28
 101:Core/Src/stm32c0xx_hal_msp.c ****     {
 139              		.loc 1 101 5 view .LVU29
 101:Core/Src/stm32c0xx_hal_msp.c ****     {
 140              		.loc 1 101 9 is_stmt 0 view .LVU30
 141 002a 02A8     		add	r0, sp, #8
ARM GAS  C:\Users\micha\AppData\Local\Temp\cc2eXe4n.s 			page 6


 142 002c FFF7FEFF 		bl	HAL_RCCEx_PeriphCLKConfig
 143              	.LVL6:
 101:Core/Src/stm32c0xx_hal_msp.c ****     {
 144              		.loc 1 101 8 discriminator 1 view .LVU31
 145 0030 0028     		cmp	r0, #0
 146 0032 36D1     		bne	.L9
 147              	.L6:
 107:Core/Src/stm32c0xx_hal_msp.c **** 
 148              		.loc 1 107 5 is_stmt 1 view .LVU32
 149              	.LBB4:
 107:Core/Src/stm32c0xx_hal_msp.c **** 
 150              		.loc 1 107 5 view .LVU33
 107:Core/Src/stm32c0xx_hal_msp.c **** 
 151              		.loc 1 107 5 view .LVU34
 152 0034 1F4B     		ldr	r3, .L11+4
 153 0036 1A6C     		ldr	r2, [r3, #64]
 154 0038 8021     		movs	r1, #128
 155 003a 4903     		lsls	r1, r1, #13
 156 003c 0A43     		orrs	r2, r1
 157 003e 1A64     		str	r2, [r3, #64]
 107:Core/Src/stm32c0xx_hal_msp.c **** 
 158              		.loc 1 107 5 view .LVU35
 159 0040 1A6C     		ldr	r2, [r3, #64]
 160 0042 0A40     		ands	r2, r1
 161 0044 0092     		str	r2, [sp]
 107:Core/Src/stm32c0xx_hal_msp.c **** 
 162              		.loc 1 107 5 view .LVU36
 163 0046 009A     		ldr	r2, [sp]
 164              	.LBE4:
 107:Core/Src/stm32c0xx_hal_msp.c **** 
 165              		.loc 1 107 5 view .LVU37
 109:Core/Src/stm32c0xx_hal_msp.c ****     /**ADC1 GPIO Configuration
 166              		.loc 1 109 5 view .LVU38
 167              	.LBB5:
 109:Core/Src/stm32c0xx_hal_msp.c ****     /**ADC1 GPIO Configuration
 168              		.loc 1 109 5 view .LVU39
 109:Core/Src/stm32c0xx_hal_msp.c ****     /**ADC1 GPIO Configuration
 169              		.loc 1 109 5 view .LVU40
 170 0048 596B     		ldr	r1, [r3, #52]
 171 004a 0122     		movs	r2, #1
 172 004c 1143     		orrs	r1, r2
 173 004e 5963     		str	r1, [r3, #52]
 109:Core/Src/stm32c0xx_hal_msp.c ****     /**ADC1 GPIO Configuration
 174              		.loc 1 109 5 view .LVU41
 175 0050 5B6B     		ldr	r3, [r3, #52]
 176 0052 1A40     		ands	r2, r3
 177 0054 0192     		str	r2, [sp, #4]
 109:Core/Src/stm32c0xx_hal_msp.c ****     /**ADC1 GPIO Configuration
 178              		.loc 1 109 5 view .LVU42
 179 0056 019B     		ldr	r3, [sp, #4]
 180              	.LBE5:
 109:Core/Src/stm32c0xx_hal_msp.c ****     /**ADC1 GPIO Configuration
 181              		.loc 1 109 5 view .LVU43
 113:Core/Src/stm32c0xx_hal_msp.c ****     GPIO_InitStruct.Mode = GPIO_MODE_ANALOG;
 182              		.loc 1 113 5 view .LVU44
 113:Core/Src/stm32c0xx_hal_msp.c ****     GPIO_InitStruct.Mode = GPIO_MODE_ANALOG;
 183              		.loc 1 113 25 is_stmt 0 view .LVU45
ARM GAS  C:\Users\micha\AppData\Local\Temp\cc2eXe4n.s 			page 7


 184 0058 09A9     		add	r1, sp, #36
 185 005a 1023     		movs	r3, #16
 186 005c 0993     		str	r3, [sp, #36]
 114:Core/Src/stm32c0xx_hal_msp.c ****     GPIO_InitStruct.Pull = GPIO_NOPULL;
 187              		.loc 1 114 5 is_stmt 1 view .LVU46
 114:Core/Src/stm32c0xx_hal_msp.c ****     GPIO_InitStruct.Pull = GPIO_NOPULL;
 188              		.loc 1 114 26 is_stmt 0 view .LVU47
 189 005e 0D3B     		subs	r3, r3, #13
 190 0060 4B60     		str	r3, [r1, #4]
 115:Core/Src/stm32c0xx_hal_msp.c ****     HAL_GPIO_Init(GPIOA, &GPIO_InitStruct);
 191              		.loc 1 115 5 is_stmt 1 view .LVU48
 115:Core/Src/stm32c0xx_hal_msp.c ****     HAL_GPIO_Init(GPIOA, &GPIO_InitStruct);
 192              		.loc 1 115 26 is_stmt 0 view .LVU49
 193 0062 0025     		movs	r5, #0
 194 0064 8D60     		str	r5, [r1, #8]
 116:Core/Src/stm32c0xx_hal_msp.c **** 
 195              		.loc 1 116 5 is_stmt 1 view .LVU50
 196 0066 A020     		movs	r0, #160
 197 0068 C005     		lsls	r0, r0, #23
 198 006a FFF7FEFF 		bl	HAL_GPIO_Init
 199              	.LVL7:
 120:Core/Src/stm32c0xx_hal_msp.c ****     hdma_adc1.Init.Request = DMA_REQUEST_ADC1;
 200              		.loc 1 120 5 view .LVU51
 120:Core/Src/stm32c0xx_hal_msp.c ****     hdma_adc1.Init.Request = DMA_REQUEST_ADC1;
 201              		.loc 1 120 24 is_stmt 0 view .LVU52
 202 006e 1248     		ldr	r0, .L11+8
 203 0070 124B     		ldr	r3, .L11+12
 204 0072 0360     		str	r3, [r0]
 121:Core/Src/stm32c0xx_hal_msp.c ****     hdma_adc1.Init.Direction = DMA_PERIPH_TO_MEMORY;
 205              		.loc 1 121 5 is_stmt 1 view .LVU53
 121:Core/Src/stm32c0xx_hal_msp.c ****     hdma_adc1.Init.Direction = DMA_PERIPH_TO_MEMORY;
 206              		.loc 1 121 28 is_stmt 0 view .LVU54
 207 0074 0523     		movs	r3, #5
 208 0076 4360     		str	r3, [r0, #4]
 122:Core/Src/stm32c0xx_hal_msp.c ****     hdma_adc1.Init.PeriphInc = DMA_PINC_DISABLE;
 209              		.loc 1 122 5 is_stmt 1 view .LVU55
 122:Core/Src/stm32c0xx_hal_msp.c ****     hdma_adc1.Init.PeriphInc = DMA_PINC_DISABLE;
 210              		.loc 1 122 30 is_stmt 0 view .LVU56
 211 0078 8560     		str	r5, [r0, #8]
 123:Core/Src/stm32c0xx_hal_msp.c ****     hdma_adc1.Init.MemInc = DMA_MINC_ENABLE;
 212              		.loc 1 123 5 is_stmt 1 view .LVU57
 123:Core/Src/stm32c0xx_hal_msp.c ****     hdma_adc1.Init.MemInc = DMA_MINC_ENABLE;
 213              		.loc 1 123 30 is_stmt 0 view .LVU58
 214 007a C560     		str	r5, [r0, #12]
 124:Core/Src/stm32c0xx_hal_msp.c ****     hdma_adc1.Init.PeriphDataAlignment = DMA_PDATAALIGN_HALFWORD;
 215              		.loc 1 124 5 is_stmt 1 view .LVU59
 124:Core/Src/stm32c0xx_hal_msp.c ****     hdma_adc1.Init.PeriphDataAlignment = DMA_PDATAALIGN_HALFWORD;
 216              		.loc 1 124 27 is_stmt 0 view .LVU60
 217 007c 7B33     		adds	r3, r3, #123
 218 007e 0361     		str	r3, [r0, #16]
 125:Core/Src/stm32c0xx_hal_msp.c ****     hdma_adc1.Init.MemDataAlignment = DMA_MDATAALIGN_HALFWORD;
 219              		.loc 1 125 5 is_stmt 1 view .LVU61
 125:Core/Src/stm32c0xx_hal_msp.c ****     hdma_adc1.Init.MemDataAlignment = DMA_MDATAALIGN_HALFWORD;
 220              		.loc 1 125 40 is_stmt 0 view .LVU62
 221 0080 8033     		adds	r3, r3, #128
 222 0082 4361     		str	r3, [r0, #20]
 126:Core/Src/stm32c0xx_hal_msp.c ****     hdma_adc1.Init.Mode = DMA_NORMAL;
ARM GAS  C:\Users\micha\AppData\Local\Temp\cc2eXe4n.s 			page 8


 223              		.loc 1 126 5 is_stmt 1 view .LVU63
 126:Core/Src/stm32c0xx_hal_msp.c ****     hdma_adc1.Init.Mode = DMA_NORMAL;
 224              		.loc 1 126 37 is_stmt 0 view .LVU64
 225 0084 8023     		movs	r3, #128
 226 0086 DB00     		lsls	r3, r3, #3
 227 0088 8361     		str	r3, [r0, #24]
 127:Core/Src/stm32c0xx_hal_msp.c ****     hdma_adc1.Init.Priority = DMA_PRIORITY_MEDIUM;
 228              		.loc 1 127 5 is_stmt 1 view .LVU65
 127:Core/Src/stm32c0xx_hal_msp.c ****     hdma_adc1.Init.Priority = DMA_PRIORITY_MEDIUM;
 229              		.loc 1 127 25 is_stmt 0 view .LVU66
 230 008a C561     		str	r5, [r0, #28]
 128:Core/Src/stm32c0xx_hal_msp.c ****     if (HAL_DMA_Init(&hdma_adc1) != HAL_OK)
 231              		.loc 1 128 5 is_stmt 1 view .LVU67
 128:Core/Src/stm32c0xx_hal_msp.c ****     if (HAL_DMA_Init(&hdma_adc1) != HAL_OK)
 232              		.loc 1 128 29 is_stmt 0 view .LVU68
 233 008c 8023     		movs	r3, #128
 234 008e 5B01     		lsls	r3, r3, #5
 235 0090 0362     		str	r3, [r0, #32]
 129:Core/Src/stm32c0xx_hal_msp.c ****     {
 236              		.loc 1 129 5 is_stmt 1 view .LVU69
 129:Core/Src/stm32c0xx_hal_msp.c ****     {
 237              		.loc 1 129 9 is_stmt 0 view .LVU70
 238 0092 FFF7FEFF 		bl	HAL_DMA_Init
 239              	.LVL8:
 129:Core/Src/stm32c0xx_hal_msp.c ****     {
 240              		.loc 1 129 8 discriminator 1 view .LVU71
 241 0096 0028     		cmp	r0, #0
 242 0098 06D1     		bne	.L10
 243              	.L7:
 134:Core/Src/stm32c0xx_hal_msp.c **** 
 244              		.loc 1 134 5 is_stmt 1 view .LVU72
 134:Core/Src/stm32c0xx_hal_msp.c **** 
 245              		.loc 1 134 5 view .LVU73
 246 009a 074B     		ldr	r3, .L11+8
 247 009c 2365     		str	r3, [r4, #80]
 134:Core/Src/stm32c0xx_hal_msp.c **** 
 248              		.loc 1 134 5 view .LVU74
 249 009e 9C62     		str	r4, [r3, #40]
 134:Core/Src/stm32c0xx_hal_msp.c **** 
 250              		.loc 1 134 5 discriminator 1 view .LVU75
 251              		.loc 1 142 1 is_stmt 0 view .LVU76
 252 00a0 BFE7     		b	.L4
 253              	.L9:
 103:Core/Src/stm32c0xx_hal_msp.c ****     }
 254              		.loc 1 103 7 is_stmt 1 view .LVU77
 255 00a2 FFF7FEFF 		bl	Error_Handler
 256              	.LVL9:
 257 00a6 C5E7     		b	.L6
 258              	.L10:
 131:Core/Src/stm32c0xx_hal_msp.c ****     }
 259              		.loc 1 131 7 view .LVU78
 260 00a8 FFF7FEFF 		bl	Error_Handler
 261              	.LVL10:
 262 00ac F5E7     		b	.L7
 263              	.L12:
 264 00ae C046     		.align	2
 265              	.L11:
ARM GAS  C:\Users\micha\AppData\Local\Temp\cc2eXe4n.s 			page 9


 266 00b0 00240140 		.word	1073816576
 267 00b4 00100240 		.word	1073876992
 268 00b8 00000000 		.word	hdma_adc1
 269 00bc 08000240 		.word	1073872904
 270              		.cfi_endproc
 271              	.LFE343:
 273              		.section	.text.HAL_ADC_MspDeInit,"ax",%progbits
 274              		.align	1
 275              		.global	HAL_ADC_MspDeInit
 276              		.syntax unified
 277              		.code	16
 278              		.thumb_func
 280              	HAL_ADC_MspDeInit:
 281              	.LVL11:
 282              	.LFB344:
 143:Core/Src/stm32c0xx_hal_msp.c **** 
 144:Core/Src/stm32c0xx_hal_msp.c **** /**
 145:Core/Src/stm32c0xx_hal_msp.c ****   * @brief ADC MSP De-Initialization
 146:Core/Src/stm32c0xx_hal_msp.c ****   * This function freeze the hardware resources used in this example
 147:Core/Src/stm32c0xx_hal_msp.c ****   * @param hadc: ADC handle pointer
 148:Core/Src/stm32c0xx_hal_msp.c ****   * @retval None
 149:Core/Src/stm32c0xx_hal_msp.c ****   */
 150:Core/Src/stm32c0xx_hal_msp.c **** void HAL_ADC_MspDeInit(ADC_HandleTypeDef* hadc)
 151:Core/Src/stm32c0xx_hal_msp.c **** {
 283              		.loc 1 151 1 view -0
 284              		.cfi_startproc
 285              		@ args = 0, pretend = 0, frame = 0
 286              		@ frame_needed = 0, uses_anonymous_args = 0
 287              		.loc 1 151 1 is_stmt 0 view .LVU80
 288 0000 10B5     		push	{r4, lr}
 289              		.cfi_def_cfa_offset 8
 290              		.cfi_offset 4, -8
 291              		.cfi_offset 14, -4
 292 0002 0400     		movs	r4, r0
 152:Core/Src/stm32c0xx_hal_msp.c ****   if(hadc->Instance==ADC1)
 293              		.loc 1 152 3 is_stmt 1 view .LVU81
 294              		.loc 1 152 10 is_stmt 0 view .LVU82
 295 0004 0268     		ldr	r2, [r0]
 296              		.loc 1 152 5 view .LVU83
 297 0006 094B     		ldr	r3, .L16
 298 0008 9A42     		cmp	r2, r3
 299 000a 00D0     		beq	.L15
 300              	.LVL12:
 301              	.L13:
 153:Core/Src/stm32c0xx_hal_msp.c ****   {
 154:Core/Src/stm32c0xx_hal_msp.c ****     /* USER CODE BEGIN ADC1_MspDeInit 0 */
 155:Core/Src/stm32c0xx_hal_msp.c **** 
 156:Core/Src/stm32c0xx_hal_msp.c ****     /* USER CODE END ADC1_MspDeInit 0 */
 157:Core/Src/stm32c0xx_hal_msp.c ****     /* Peripheral clock disable */
 158:Core/Src/stm32c0xx_hal_msp.c ****     __HAL_RCC_ADC_CLK_DISABLE();
 159:Core/Src/stm32c0xx_hal_msp.c **** 
 160:Core/Src/stm32c0xx_hal_msp.c ****     /**ADC1 GPIO Configuration
 161:Core/Src/stm32c0xx_hal_msp.c ****     PA4     ------> ADC1_IN4
 162:Core/Src/stm32c0xx_hal_msp.c ****     */
 163:Core/Src/stm32c0xx_hal_msp.c ****     HAL_GPIO_DeInit(GPIOA, GPIO_PIN_4);
 164:Core/Src/stm32c0xx_hal_msp.c **** 
 165:Core/Src/stm32c0xx_hal_msp.c ****     /* ADC1 DMA DeInit */
ARM GAS  C:\Users\micha\AppData\Local\Temp\cc2eXe4n.s 			page 10


 166:Core/Src/stm32c0xx_hal_msp.c ****     HAL_DMA_DeInit(hadc->DMA_Handle);
 167:Core/Src/stm32c0xx_hal_msp.c ****     /* USER CODE BEGIN ADC1_MspDeInit 1 */
 168:Core/Src/stm32c0xx_hal_msp.c **** 
 169:Core/Src/stm32c0xx_hal_msp.c ****     /* USER CODE END ADC1_MspDeInit 1 */
 170:Core/Src/stm32c0xx_hal_msp.c ****   }
 171:Core/Src/stm32c0xx_hal_msp.c **** 
 172:Core/Src/stm32c0xx_hal_msp.c **** }
 302              		.loc 1 172 1 view .LVU84
 303              		@ sp needed
 304              	.LVL13:
 305              		.loc 1 172 1 view .LVU85
 306 000c 10BD     		pop	{r4, pc}
 307              	.LVL14:
 308              	.L15:
 158:Core/Src/stm32c0xx_hal_msp.c **** 
 309              		.loc 1 158 5 is_stmt 1 view .LVU86
 310 000e 084A     		ldr	r2, .L16+4
 311 0010 136C     		ldr	r3, [r2, #64]
 312 0012 0849     		ldr	r1, .L16+8
 313 0014 0B40     		ands	r3, r1
 314 0016 1364     		str	r3, [r2, #64]
 163:Core/Src/stm32c0xx_hal_msp.c **** 
 315              		.loc 1 163 5 view .LVU87
 316 0018 A020     		movs	r0, #160
 317              	.LVL15:
 163:Core/Src/stm32c0xx_hal_msp.c **** 
 318              		.loc 1 163 5 is_stmt 0 view .LVU88
 319 001a 1021     		movs	r1, #16
 320 001c C005     		lsls	r0, r0, #23
 321 001e FFF7FEFF 		bl	HAL_GPIO_DeInit
 322              	.LVL16:
 166:Core/Src/stm32c0xx_hal_msp.c ****     /* USER CODE BEGIN ADC1_MspDeInit 1 */
 323              		.loc 1 166 5 is_stmt 1 view .LVU89
 324 0022 206D     		ldr	r0, [r4, #80]
 325 0024 FFF7FEFF 		bl	HAL_DMA_DeInit
 326              	.LVL17:
 327              		.loc 1 172 1 is_stmt 0 view .LVU90
 328 0028 F0E7     		b	.L13
 329              	.L17:
 330 002a C046     		.align	2
 331              	.L16:
 332 002c 00240140 		.word	1073816576
 333 0030 00100240 		.word	1073876992
 334 0034 FFFFEFFF 		.word	-1048577
 335              		.cfi_endproc
 336              	.LFE344:
 338              		.section	.text.HAL_UART_MspInit,"ax",%progbits
 339              		.align	1
 340              		.global	HAL_UART_MspInit
 341              		.syntax unified
 342              		.code	16
 343              		.thumb_func
 345              	HAL_UART_MspInit:
 346              	.LVL18:
 347              	.LFB345:
 173:Core/Src/stm32c0xx_hal_msp.c **** 
 174:Core/Src/stm32c0xx_hal_msp.c **** /**
ARM GAS  C:\Users\micha\AppData\Local\Temp\cc2eXe4n.s 			page 11


 175:Core/Src/stm32c0xx_hal_msp.c ****   * @brief UART MSP Initialization
 176:Core/Src/stm32c0xx_hal_msp.c ****   * This function configures the hardware resources used in this example
 177:Core/Src/stm32c0xx_hal_msp.c ****   * @param huart: UART handle pointer
 178:Core/Src/stm32c0xx_hal_msp.c ****   * @retval None
 179:Core/Src/stm32c0xx_hal_msp.c ****   */
 180:Core/Src/stm32c0xx_hal_msp.c **** void HAL_UART_MspInit(UART_HandleTypeDef* huart)
 181:Core/Src/stm32c0xx_hal_msp.c **** {
 348              		.loc 1 181 1 is_stmt 1 view -0
 349              		.cfi_startproc
 350              		@ args = 0, pretend = 0, frame = 32
 351              		@ frame_needed = 0, uses_anonymous_args = 0
 352              		.loc 1 181 1 is_stmt 0 view .LVU92
 353 0000 10B5     		push	{r4, lr}
 354              		.cfi_def_cfa_offset 8
 355              		.cfi_offset 4, -8
 356              		.cfi_offset 14, -4
 357 0002 88B0     		sub	sp, sp, #32
 358              		.cfi_def_cfa_offset 40
 359 0004 0400     		movs	r4, r0
 182:Core/Src/stm32c0xx_hal_msp.c ****   GPIO_InitTypeDef GPIO_InitStruct = {0};
 360              		.loc 1 182 3 is_stmt 1 view .LVU93
 361              		.loc 1 182 20 is_stmt 0 view .LVU94
 362 0006 1422     		movs	r2, #20
 363 0008 0021     		movs	r1, #0
 364 000a 03A8     		add	r0, sp, #12
 365              	.LVL19:
 366              		.loc 1 182 20 view .LVU95
 367 000c FFF7FEFF 		bl	memset
 368              	.LVL20:
 183:Core/Src/stm32c0xx_hal_msp.c ****   if(huart->Instance==USART2)
 369              		.loc 1 183 3 is_stmt 1 view .LVU96
 370              		.loc 1 183 11 is_stmt 0 view .LVU97
 371 0010 2268     		ldr	r2, [r4]
 372              		.loc 1 183 5 view .LVU98
 373 0012 114B     		ldr	r3, .L21
 374 0014 9A42     		cmp	r2, r3
 375 0016 01D0     		beq	.L20
 376              	.L18:
 184:Core/Src/stm32c0xx_hal_msp.c ****   {
 185:Core/Src/stm32c0xx_hal_msp.c ****     /* USER CODE BEGIN USART2_MspInit 0 */
 186:Core/Src/stm32c0xx_hal_msp.c **** 
 187:Core/Src/stm32c0xx_hal_msp.c ****     /* USER CODE END USART2_MspInit 0 */
 188:Core/Src/stm32c0xx_hal_msp.c ****     /* Peripheral clock enable */
 189:Core/Src/stm32c0xx_hal_msp.c ****     __HAL_RCC_USART2_CLK_ENABLE();
 190:Core/Src/stm32c0xx_hal_msp.c **** 
 191:Core/Src/stm32c0xx_hal_msp.c ****     __HAL_RCC_GPIOA_CLK_ENABLE();
 192:Core/Src/stm32c0xx_hal_msp.c ****     /**USART2 GPIO Configuration
 193:Core/Src/stm32c0xx_hal_msp.c ****     PA2     ------> USART2_TX
 194:Core/Src/stm32c0xx_hal_msp.c ****     PA3     ------> USART2_RX
 195:Core/Src/stm32c0xx_hal_msp.c ****     */
 196:Core/Src/stm32c0xx_hal_msp.c ****     GPIO_InitStruct.Pin = GPIO_PIN_2|GPIO_PIN_3;
 197:Core/Src/stm32c0xx_hal_msp.c ****     GPIO_InitStruct.Mode = GPIO_MODE_AF_PP;
 198:Core/Src/stm32c0xx_hal_msp.c ****     GPIO_InitStruct.Pull = GPIO_NOPULL;
 199:Core/Src/stm32c0xx_hal_msp.c ****     GPIO_InitStruct.Speed = GPIO_SPEED_FREQ_LOW;
 200:Core/Src/stm32c0xx_hal_msp.c ****     GPIO_InitStruct.Alternate = GPIO_AF1_USART2;
 201:Core/Src/stm32c0xx_hal_msp.c ****     HAL_GPIO_Init(GPIOA, &GPIO_InitStruct);
 202:Core/Src/stm32c0xx_hal_msp.c **** 
ARM GAS  C:\Users\micha\AppData\Local\Temp\cc2eXe4n.s 			page 12


 203:Core/Src/stm32c0xx_hal_msp.c ****     /* USER CODE BEGIN USART2_MspInit 1 */
 204:Core/Src/stm32c0xx_hal_msp.c **** 
 205:Core/Src/stm32c0xx_hal_msp.c ****     /* USER CODE END USART2_MspInit 1 */
 206:Core/Src/stm32c0xx_hal_msp.c **** 
 207:Core/Src/stm32c0xx_hal_msp.c ****   }
 208:Core/Src/stm32c0xx_hal_msp.c **** 
 209:Core/Src/stm32c0xx_hal_msp.c **** }
 377              		.loc 1 209 1 view .LVU99
 378 0018 08B0     		add	sp, sp, #32
 379              		@ sp needed
 380              	.LVL21:
 381              		.loc 1 209 1 view .LVU100
 382 001a 10BD     		pop	{r4, pc}
 383              	.LVL22:
 384              	.L20:
 189:Core/Src/stm32c0xx_hal_msp.c **** 
 385              		.loc 1 189 5 is_stmt 1 view .LVU101
 386              	.LBB6:
 189:Core/Src/stm32c0xx_hal_msp.c **** 
 387              		.loc 1 189 5 view .LVU102
 189:Core/Src/stm32c0xx_hal_msp.c **** 
 388              		.loc 1 189 5 view .LVU103
 389 001c 0F4B     		ldr	r3, .L21+4
 390 001e DA6B     		ldr	r2, [r3, #60]
 391 0020 8021     		movs	r1, #128
 392 0022 8902     		lsls	r1, r1, #10
 393 0024 0A43     		orrs	r2, r1
 394 0026 DA63     		str	r2, [r3, #60]
 189:Core/Src/stm32c0xx_hal_msp.c **** 
 395              		.loc 1 189 5 view .LVU104
 396 0028 DA6B     		ldr	r2, [r3, #60]
 397 002a 0A40     		ands	r2, r1
 398 002c 0192     		str	r2, [sp, #4]
 189:Core/Src/stm32c0xx_hal_msp.c **** 
 399              		.loc 1 189 5 view .LVU105
 400 002e 019A     		ldr	r2, [sp, #4]
 401              	.LBE6:
 189:Core/Src/stm32c0xx_hal_msp.c **** 
 402              		.loc 1 189 5 view .LVU106
 191:Core/Src/stm32c0xx_hal_msp.c ****     /**USART2 GPIO Configuration
 403              		.loc 1 191 5 view .LVU107
 404              	.LBB7:
 191:Core/Src/stm32c0xx_hal_msp.c ****     /**USART2 GPIO Configuration
 405              		.loc 1 191 5 view .LVU108
 191:Core/Src/stm32c0xx_hal_msp.c ****     /**USART2 GPIO Configuration
 406              		.loc 1 191 5 view .LVU109
 407 0030 596B     		ldr	r1, [r3, #52]
 408 0032 0122     		movs	r2, #1
 409 0034 1143     		orrs	r1, r2
 410 0036 5963     		str	r1, [r3, #52]
 191:Core/Src/stm32c0xx_hal_msp.c ****     /**USART2 GPIO Configuration
 411              		.loc 1 191 5 view .LVU110
 412 0038 5B6B     		ldr	r3, [r3, #52]
 413 003a 1340     		ands	r3, r2
 414 003c 0293     		str	r3, [sp, #8]
 191:Core/Src/stm32c0xx_hal_msp.c ****     /**USART2 GPIO Configuration
 415              		.loc 1 191 5 view .LVU111
ARM GAS  C:\Users\micha\AppData\Local\Temp\cc2eXe4n.s 			page 13


 416 003e 029B     		ldr	r3, [sp, #8]
 417              	.LBE7:
 191:Core/Src/stm32c0xx_hal_msp.c ****     /**USART2 GPIO Configuration
 418              		.loc 1 191 5 view .LVU112
 196:Core/Src/stm32c0xx_hal_msp.c ****     GPIO_InitStruct.Mode = GPIO_MODE_AF_PP;
 419              		.loc 1 196 5 view .LVU113
 196:Core/Src/stm32c0xx_hal_msp.c ****     GPIO_InitStruct.Mode = GPIO_MODE_AF_PP;
 420              		.loc 1 196 25 is_stmt 0 view .LVU114
 421 0040 03A9     		add	r1, sp, #12
 422 0042 0C23     		movs	r3, #12
 423 0044 0393     		str	r3, [sp, #12]
 197:Core/Src/stm32c0xx_hal_msp.c ****     GPIO_InitStruct.Pull = GPIO_NOPULL;
 424              		.loc 1 197 5 is_stmt 1 view .LVU115
 197:Core/Src/stm32c0xx_hal_msp.c ****     GPIO_InitStruct.Pull = GPIO_NOPULL;
 425              		.loc 1 197 26 is_stmt 0 view .LVU116
 426 0046 0A3B     		subs	r3, r3, #10
 427 0048 4B60     		str	r3, [r1, #4]
 198:Core/Src/stm32c0xx_hal_msp.c ****     GPIO_InitStruct.Speed = GPIO_SPEED_FREQ_LOW;
 428              		.loc 1 198 5 is_stmt 1 view .LVU117
 199:Core/Src/stm32c0xx_hal_msp.c ****     GPIO_InitStruct.Alternate = GPIO_AF1_USART2;
 429              		.loc 1 199 5 view .LVU118
 200:Core/Src/stm32c0xx_hal_msp.c ****     HAL_GPIO_Init(GPIOA, &GPIO_InitStruct);
 430              		.loc 1 200 5 view .LVU119
 200:Core/Src/stm32c0xx_hal_msp.c ****     HAL_GPIO_Init(GPIOA, &GPIO_InitStruct);
 431              		.loc 1 200 31 is_stmt 0 view .LVU120
 432 004a 0A61     		str	r2, [r1, #16]
 201:Core/Src/stm32c0xx_hal_msp.c **** 
 433              		.loc 1 201 5 is_stmt 1 view .LVU121
 434 004c A020     		movs	r0, #160
 435 004e C005     		lsls	r0, r0, #23
 436 0050 FFF7FEFF 		bl	HAL_GPIO_Init
 437              	.LVL23:
 438              		.loc 1 209 1 is_stmt 0 view .LVU122
 439 0054 E0E7     		b	.L18
 440              	.L22:
 441 0056 C046     		.align	2
 442              	.L21:
 443 0058 00440040 		.word	1073759232
 444 005c 00100240 		.word	1073876992
 445              		.cfi_endproc
 446              	.LFE345:
 448              		.section	.text.HAL_UART_MspDeInit,"ax",%progbits
 449              		.align	1
 450              		.global	HAL_UART_MspDeInit
 451              		.syntax unified
 452              		.code	16
 453              		.thumb_func
 455              	HAL_UART_MspDeInit:
 456              	.LVL24:
 457              	.LFB346:
 210:Core/Src/stm32c0xx_hal_msp.c **** 
 211:Core/Src/stm32c0xx_hal_msp.c **** /**
 212:Core/Src/stm32c0xx_hal_msp.c ****   * @brief UART MSP De-Initialization
 213:Core/Src/stm32c0xx_hal_msp.c ****   * This function freeze the hardware resources used in this example
 214:Core/Src/stm32c0xx_hal_msp.c ****   * @param huart: UART handle pointer
 215:Core/Src/stm32c0xx_hal_msp.c ****   * @retval None
 216:Core/Src/stm32c0xx_hal_msp.c ****   */
ARM GAS  C:\Users\micha\AppData\Local\Temp\cc2eXe4n.s 			page 14


 217:Core/Src/stm32c0xx_hal_msp.c **** void HAL_UART_MspDeInit(UART_HandleTypeDef* huart)
 218:Core/Src/stm32c0xx_hal_msp.c **** {
 458              		.loc 1 218 1 is_stmt 1 view -0
 459              		.cfi_startproc
 460              		@ args = 0, pretend = 0, frame = 0
 461              		@ frame_needed = 0, uses_anonymous_args = 0
 462              		.loc 1 218 1 is_stmt 0 view .LVU124
 463 0000 10B5     		push	{r4, lr}
 464              		.cfi_def_cfa_offset 8
 465              		.cfi_offset 4, -8
 466              		.cfi_offset 14, -4
 219:Core/Src/stm32c0xx_hal_msp.c ****   if(huart->Instance==USART2)
 467              		.loc 1 219 3 is_stmt 1 view .LVU125
 468              		.loc 1 219 11 is_stmt 0 view .LVU126
 469 0002 0268     		ldr	r2, [r0]
 470              		.loc 1 219 5 view .LVU127
 471 0004 074B     		ldr	r3, .L26
 472 0006 9A42     		cmp	r2, r3
 473 0008 00D0     		beq	.L25
 474              	.LVL25:
 475              	.L23:
 220:Core/Src/stm32c0xx_hal_msp.c ****   {
 221:Core/Src/stm32c0xx_hal_msp.c ****     /* USER CODE BEGIN USART2_MspDeInit 0 */
 222:Core/Src/stm32c0xx_hal_msp.c **** 
 223:Core/Src/stm32c0xx_hal_msp.c ****     /* USER CODE END USART2_MspDeInit 0 */
 224:Core/Src/stm32c0xx_hal_msp.c ****     /* Peripheral clock disable */
 225:Core/Src/stm32c0xx_hal_msp.c ****     __HAL_RCC_USART2_CLK_DISABLE();
 226:Core/Src/stm32c0xx_hal_msp.c **** 
 227:Core/Src/stm32c0xx_hal_msp.c ****     /**USART2 GPIO Configuration
 228:Core/Src/stm32c0xx_hal_msp.c ****     PA2     ------> USART2_TX
 229:Core/Src/stm32c0xx_hal_msp.c ****     PA3     ------> USART2_RX
 230:Core/Src/stm32c0xx_hal_msp.c ****     */
 231:Core/Src/stm32c0xx_hal_msp.c ****     HAL_GPIO_DeInit(GPIOA, GPIO_PIN_2|GPIO_PIN_3);
 232:Core/Src/stm32c0xx_hal_msp.c **** 
 233:Core/Src/stm32c0xx_hal_msp.c ****     /* USER CODE BEGIN USART2_MspDeInit 1 */
 234:Core/Src/stm32c0xx_hal_msp.c **** 
 235:Core/Src/stm32c0xx_hal_msp.c ****     /* USER CODE END USART2_MspDeInit 1 */
 236:Core/Src/stm32c0xx_hal_msp.c ****   }
 237:Core/Src/stm32c0xx_hal_msp.c **** 
 238:Core/Src/stm32c0xx_hal_msp.c **** }
 476              		.loc 1 238 1 view .LVU128
 477              		@ sp needed
 478 000a 10BD     		pop	{r4, pc}
 479              	.LVL26:
 480              	.L25:
 225:Core/Src/stm32c0xx_hal_msp.c **** 
 481              		.loc 1 225 5 is_stmt 1 view .LVU129
 482 000c 064A     		ldr	r2, .L26+4
 483 000e D36B     		ldr	r3, [r2, #60]
 484 0010 0649     		ldr	r1, .L26+8
 485 0012 0B40     		ands	r3, r1
 486 0014 D363     		str	r3, [r2, #60]
 231:Core/Src/stm32c0xx_hal_msp.c **** 
 487              		.loc 1 231 5 view .LVU130
 488 0016 A020     		movs	r0, #160
 489              	.LVL27:
 231:Core/Src/stm32c0xx_hal_msp.c **** 
ARM GAS  C:\Users\micha\AppData\Local\Temp\cc2eXe4n.s 			page 15


 490              		.loc 1 231 5 is_stmt 0 view .LVU131
 491 0018 0C21     		movs	r1, #12
 492 001a C005     		lsls	r0, r0, #23
 493 001c FFF7FEFF 		bl	HAL_GPIO_DeInit
 494              	.LVL28:
 495              		.loc 1 238 1 view .LVU132
 496 0020 F3E7     		b	.L23
 497              	.L27:
 498 0022 C046     		.align	2
 499              	.L26:
 500 0024 00440040 		.word	1073759232
 501 0028 00100240 		.word	1073876992
 502 002c FFFFFDFF 		.word	-131073
 503              		.cfi_endproc
 504              	.LFE346:
 506              		.text
 507              	.Letext0:
 508              		.file 2 "C:/Users/micha/AppData/Roaming/Code/User/globalStorage/bmd.stm32-for-vscode/@xpack-dev-to
 509              		.file 3 "C:/Users/micha/AppData/Roaming/Code/User/globalStorage/bmd.stm32-for-vscode/@xpack-dev-to
 510              		.file 4 "Drivers/CMSIS/Device/ST/STM32C0xx/Include/stm32c031xx.h"
 511              		.file 5 "Drivers/CMSIS/Device/ST/STM32C0xx/Include/stm32c0xx.h"
 512              		.file 6 "Drivers/STM32C0xx_HAL_Driver/Inc/stm32c0xx_hal_def.h"
 513              		.file 7 "Drivers/STM32C0xx_HAL_Driver/Inc/stm32c0xx_hal_rcc_ex.h"
 514              		.file 8 "Drivers/STM32C0xx_HAL_Driver/Inc/stm32c0xx_hal_gpio.h"
 515              		.file 9 "Drivers/STM32C0xx_HAL_Driver/Inc/stm32c0xx_hal_dma.h"
 516              		.file 10 "Drivers/STM32C0xx_HAL_Driver/Inc/stm32c0xx_hal_adc.h"
 517              		.file 11 "Drivers/STM32C0xx_HAL_Driver/Inc/stm32c0xx_hal_uart.h"
 518              		.file 12 "Core/Inc/main.h"
 519              		.file 13 "<built-in>"
ARM GAS  C:\Users\micha\AppData\Local\Temp\cc2eXe4n.s 			page 16


DEFINED SYMBOLS
                            *ABS*:00000000 stm32c0xx_hal_msp.c
C:\Users\micha\AppData\Local\Temp\cc2eXe4n.s:19     .text.HAL_MspInit:00000000 $t
C:\Users\micha\AppData\Local\Temp\cc2eXe4n.s:25     .text.HAL_MspInit:00000000 HAL_MspInit
C:\Users\micha\AppData\Local\Temp\cc2eXe4n.s:75     .text.HAL_MspInit:0000002c $d
C:\Users\micha\AppData\Local\Temp\cc2eXe4n.s:80     .text.HAL_ADC_MspInit:00000000 $t
C:\Users\micha\AppData\Local\Temp\cc2eXe4n.s:86     .text.HAL_ADC_MspInit:00000000 HAL_ADC_MspInit
C:\Users\micha\AppData\Local\Temp\cc2eXe4n.s:266    .text.HAL_ADC_MspInit:000000b0 $d
C:\Users\micha\AppData\Local\Temp\cc2eXe4n.s:274    .text.HAL_ADC_MspDeInit:00000000 $t
C:\Users\micha\AppData\Local\Temp\cc2eXe4n.s:280    .text.HAL_ADC_MspDeInit:00000000 HAL_ADC_MspDeInit
C:\Users\micha\AppData\Local\Temp\cc2eXe4n.s:332    .text.HAL_ADC_MspDeInit:0000002c $d
C:\Users\micha\AppData\Local\Temp\cc2eXe4n.s:339    .text.HAL_UART_MspInit:00000000 $t
C:\Users\micha\AppData\Local\Temp\cc2eXe4n.s:345    .text.HAL_UART_MspInit:00000000 HAL_UART_MspInit
C:\Users\micha\AppData\Local\Temp\cc2eXe4n.s:443    .text.HAL_UART_MspInit:00000058 $d
C:\Users\micha\AppData\Local\Temp\cc2eXe4n.s:449    .text.HAL_UART_MspDeInit:00000000 $t
C:\Users\micha\AppData\Local\Temp\cc2eXe4n.s:455    .text.HAL_UART_MspDeInit:00000000 HAL_UART_MspDeInit
C:\Users\micha\AppData\Local\Temp\cc2eXe4n.s:500    .text.HAL_UART_MspDeInit:00000024 $d

UNDEFINED SYMBOLS
memset
HAL_RCCEx_PeriphCLKConfig
HAL_GPIO_Init
HAL_DMA_Init
Error_Handler
hdma_adc1
HAL_GPIO_DeInit
HAL_DMA_DeInit
